{"/Users/bigdaddy/Desktop/rex/config/authConfig.js": {"path":"/Users/bigdaddy/Desktop/rex/config/authConfig.js","statementMap":{"0":{"start":{"line":16,"column":0},"end":{"line":16,"column":27}},"1":{"start":{"line":18,"column":19},"end":{"line":65,"column":1}},"2":{"start":{"line":67,"column":0},"end":{"line":67,"column":28}}},"fnMap":{},"branchMap":{"0":{"loc":{"start":{"line":24,"column":4},"end":{"line":25,"column":65}},"type":"binary-expr","locations":[{"start":{"line":24,"column":4},"end":{"line":24,"column":30}},{"start":{"line":25,"column":4},"end":{"line":25,"column":65}}],"line":24}},"s":{"0":0,"1":0,"2":0},"f":{},"b":{"0":[0,0]}}
,"/Users/bigdaddy/Desktop/rex/config/db.js": {"path":"/Users/bigdaddy/Desktop/rex/config/db.js","statementMap":{"0":{"start":{"line":1,"column":17},"end":{"line":1,"column":42}},"1":{"start":{"line":2,"column":13},"end":{"line":2,"column":28}},"2":{"start":{"line":3,"column":11},"end":{"line":3,"column":24}},"3":{"start":{"line":8,"column":2},"end":{"line":9,"column":54}},"4":{"start":{"line":12,"column":14},"end":{"line":12,"column":35}},"5":{"start":{"line":13,"column":0},"end":{"line":15,"column":1}},"6":{"start":{"line":14,"column":2},"end":{"line":14,"column":43}},"7":{"start":{"line":23,"column":0},"end":{"line":38,"column":1}},"8":{"start":{"line":24,"column":2},"end":{"line":27,"column":5}},"9":{"start":{"line":30,"column":2},"end":{"line":30,"column":34}},"10":{"start":{"line":32,"column":2},"end":{"line":32,"column":33}},"11":{"start":{"line":34,"column":2},"end":{"line":34,"column":66}},"12":{"start":{"line":36,"column":2},"end":{"line":36,"column":69}},"13":{"start":{"line":37,"column":2},"end":{"line":37,"column":18}},"14":{"start":{"line":40,"column":0},"end":{"line":40,"column":20}}},"fnMap":{},"branchMap":{"0":{"loc":{"start":{"line":8,"column":2},"end":{"line":9,"column":54}},"type":"binary-expr","locations":[{"start":{"line":8,"column":2},"end":{"line":8,"column":27}},{"start":{"line":9,"column":2},"end":{"line":9,"column":54}}],"line":8},"1":{"loc":{"start":{"line":13,"column":0},"end":{"line":15,"column":1}},"type":"if","locations":[{"start":{"line":13,"column":0},"end":{"line":15,"column":1}},{"start":{},"end":{}}],"line":13},"2":{"loc":{"start":{"line":26,"column":13},"end":{"line":26,"column":72}},"type":"cond-expr","locations":[{"start":{"line":26,"column":54},"end":{"line":26,"column":65}},{"start":{"line":26,"column":68},"end":{"line":26,"column":72}}],"line":26}},"s":{"0":0,"1":0,"2":0,"3":0,"4":0,"5":0,"6":0,"7":0,"8":0,"9":0,"10":0,"11":0,"12":0,"13":0,"14":0},"f":{},"b":{"0":[0,0],"1":[0,0],"2":[0,0]}}
,"/Users/bigdaddy/Desktop/rex/server/app.js": {"path":"/Users/bigdaddy/Desktop/rex/server/app.js","statementMap":{"0":{"start":{"line":1,"column":16},"end":{"line":1,"column":34}},"1":{"start":{"line":2,"column":13},"end":{"line":2,"column":28}},"2":{"start":{"line":3,"column":22},"end":{"line":3,"column":55}},"3":{"start":{"line":5,"column":12},"end":{"line":5,"column":21}},"4":{"start":{"line":8,"column":0},"end":{"line":8,"column":24}},"5":{"start":{"line":9,"column":0},"end":{"line":9,"column":48}},"6":{"start":{"line":12,"column":0},"end":{"line":12,"column":39}},"7":{"start":{"line":15,"column":0},"end":{"line":17,"column":3}},"8":{"start":{"line":16,"column":2},"end":{"line":16,"column":78}},"9":{"start":{"line":21,"column":0},"end":{"line":27,"column":3}},"10":{"start":{"line":22,"column":2},"end":{"line":22,"column":47}},"11":{"start":{"line":23,"column":17},"end":{"line":23,"column":52}},"12":{"start":{"line":24,"column":2},"end":{"line":26,"column":5}},"13":{"start":{"line":29,"column":0},"end":{"line":29,"column":21}}},"fnMap":{"0":{"name":"(anonymous_0)","decl":{"start":{"line":15,"column":19},"end":{"line":15,"column":20}},"loc":{"start":{"line":15,"column":33},"end":{"line":17,"column":1}},"line":15},"1":{"name":"(anonymous_1)","decl":{"start":{"line":21,"column":8},"end":{"line":21,"column":9}},"loc":{"start":{"line":21,"column":33},"end":{"line":27,"column":1}},"line":21}},"branchMap":{"0":{"loc":{"start":{"line":23,"column":17},"end":{"line":23,"column":52}},"type":"binary-expr","locations":[{"start":{"line":23,"column":17},"end":{"line":23,"column":27}},{"start":{"line":23,"column":31},"end":{"line":23,"column":45}},{"start":{"line":23,"column":49},"end":{"line":23,"column":52}}],"line":23},"1":{"loc":{"start":{"line":25,"column":11},"end":{"line":25,"column":49}},"type":"binary-expr","locations":[{"start":{"line":25,"column":11},"end":{"line":25,"column":22}},{"start":{"line":25,"column":26},"end":{"line":25,"column":49}}],"line":25}},"s":{"0":0,"1":0,"2":0,"3":0,"4":0,"5":0,"6":0,"7":0,"8":0,"9":0,"10":0,"11":0,"12":0,"13":0},"f":{"0":0,"1":0},"b":{"0":[0,0,0],"1":[0,0]}}
,"/Users/bigdaddy/Desktop/rex/server/controllers/financeController.js": {"path":"/Users/bigdaddy/Desktop/rex/server/controllers/financeController.js","statementMap":{"0":{"start":{"line":1,"column":18},"end":{"line":1,"column":50}},"1":{"start":{"line":2,"column":20},"end":{"line":2,"column":52}},"2":{"start":{"line":3,"column":11},"end":{"line":3,"column":24}},"3":{"start":{"line":10,"column":0},"end":{"line":50,"column":2}},"4":{"start":{"line":12,"column":2},"end":{"line":14,"column":3}},"5":{"start":{"line":13,"column":4},"end":{"line":13,"column":113}},"6":{"start":{"line":16,"column":19},"end":{"line":16,"column":32}},"7":{"start":{"line":18,"column":2},"end":{"line":49,"column":3}},"8":{"start":{"line":20,"column":25},"end":{"line":20,"column":59}},"9":{"start":{"line":22,"column":4},"end":{"line":29,"column":5}},"10":{"start":{"line":24,"column":6},"end":{"line":24,"column":28}},"11":{"start":{"line":25,"column":6},"end":{"line":28,"column":9}},"12":{"start":{"line":32,"column":18},"end":{"line":32,"column":60}},"13":{"start":{"line":35,"column":4},"end":{"line":35,"column":26}},"14":{"start":{"line":37,"column":4},"end":{"line":41,"column":7}},"15":{"start":{"line":44,"column":4},"end":{"line":44,"column":26}},"16":{"start":{"line":47,"column":23},"end":{"line":47,"column":65}},"17":{"start":{"line":48,"column":4},"end":{"line":48,"column":65}},"18":{"start":{"line":57,"column":2},"end":{"line":57,"column":24}},"19":{"start":{"line":57,"column":17},"end":{"line":57,"column":24}},"20":{"start":{"line":58,"column":2},"end":{"line":62,"column":5}},"21":{"start":{"line":59,"column":4},"end":{"line":61,"column":5}},"22":{"start":{"line":60,"column":6},"end":{"line":60,"column":98}}},"fnMap":{"0":{"name":"(anonymous_0)","decl":{"start":{"line":10,"column":20},"end":{"line":10,"column":21}},"loc":{"start":{"line":10,"column":40},"end":{"line":50,"column":1}},"line":10},"1":{"name":"cleanupFile","decl":{"start":{"line":56,"column":9},"end":{"line":56,"column":20}},"loc":{"start":{"line":56,"column":31},"end":{"line":63,"column":1}},"line":56},"2":{"name":"(anonymous_2)","decl":{"start":{"line":58,"column":22},"end":{"line":58,"column":23}},"loc":{"start":{"line":58,"column":31},"end":{"line":62,"column":3}},"line":58}},"branchMap":{"0":{"loc":{"start":{"line":12,"column":2},"end":{"line":14,"column":3}},"type":"if","locations":[{"start":{"line":12,"column":2},"end":{"line":14,"column":3}},{"start":{},"end":{}}],"line":12},"1":{"loc":{"start":{"line":22,"column":4},"end":{"line":29,"column":5}},"type":"if","locations":[{"start":{"line":22,"column":4},"end":{"line":29,"column":5}},{"start":{},"end":{}}],"line":22},"2":{"loc":{"start":{"line":47,"column":23},"end":{"line":47,"column":65}},"type":"cond-expr","locations":[{"start":{"line":47,"column":56},"end":{"line":47,"column":59}},{"start":{"line":47,"column":62},"end":{"line":47,"column":65}}],"line":47},"3":{"loc":{"start":{"line":57,"column":2},"end":{"line":57,"column":24}},"type":"if","locations":[{"start":{"line":57,"column":2},"end":{"line":57,"column":24}},{"start":{},"end":{}}],"line":57},"4":{"loc":{"start":{"line":59,"column":4},"end":{"line":61,"column":5}},"type":"if","locations":[{"start":{"line":59,"column":4},"end":{"line":61,"column":5}},{"start":{},"end":{}}],"line":59},"5":{"loc":{"start":{"line":59,"column":8},"end":{"line":59,"column":36}},"type":"binary-expr","locations":[{"start":{"line":59,"column":8},"end":{"line":59,"column":11}},{"start":{"line":59,"column":15},"end":{"line":59,"column":36}}],"line":59}},"s":{"0":0,"1":0,"2":0,"3":0,"4":0,"5":0,"6":0,"7":0,"8":0,"9":0,"10":0,"11":0,"12":0,"13":0,"14":0,"15":0,"16":0,"17":0,"18":0,"19":0,"20":0,"21":0,"22":0},"f":{"0":0,"1":0,"2":0},"b":{"0":[0,0],"1":[0,0],"2":[0,0],"3":[0,0],"4":[0,0],"5":[0,0]}}
,"/Users/bigdaddy/Desktop/rex/server/middleware/authMiddleware.js": {"path":"/Users/bigdaddy/Desktop/rex/server/middleware/authMiddleware.js","statementMap":{"0":{"start":{"line":3,"column":15},"end":{"line":3,"column":34}},"1":{"start":{"line":4,"column":19},"end":{"line":4,"column":53}},"2":{"start":{"line":16,"column":2},"end":{"line":90,"column":3}},"3":{"start":{"line":18,"column":4},"end":{"line":20,"column":5}},"4":{"start":{"line":19,"column":6},"end":{"line":19,"column":20}},"5":{"start":{"line":22,"column":23},"end":{"line":22,"column":51}},"6":{"start":{"line":24,"column":4},"end":{"line":30,"column":5}},"7":{"start":{"line":25,"column":6},"end":{"line":25,"column":78}},"8":{"start":{"line":26,"column":6},"end":{"line":29,"column":9}},"9":{"start":{"line":33,"column":30},"end":{"line":33,"column":63}},"10":{"start":{"line":34,"column":20},"end":{"line":34,"column":77}},"11":{"start":{"line":35,"column":23},"end":{"line":35,"column":43}},"12":{"start":{"line":37,"column":4},"end":{"line":42,"column":5}},"13":{"start":{"line":38,"column":6},"end":{"line":41,"column":9}},"14":{"start":{"line":44,"column":21},"end":{"line":44,"column":53}},"15":{"start":{"line":45,"column":21},"end":{"line":45,"column":54}},"16":{"start":{"line":47,"column":4},"end":{"line":52,"column":5}},"17":{"start":{"line":48,"column":6},"end":{"line":51,"column":9}},"18":{"start":{"line":55,"column":21},"end":{"line":57,"column":5}},"19":{"start":{"line":56,"column":13},"end":{"line":56,"column":36}},"20":{"start":{"line":59,"column":4},"end":{"line":64,"column":5}},"21":{"start":{"line":60,"column":6},"end":{"line":63,"column":9}},"22":{"start":{"line":67,"column":26},"end":{"line":67,"column":79}},"23":{"start":{"line":69,"column":4},"end":{"line":74,"column":5}},"24":{"start":{"line":70,"column":6},"end":{"line":73,"column":9}},"25":{"start":{"line":77,"column":4},"end":{"line":81,"column":6}},"26":{"start":{"line":83,"column":4},"end":{"line":83,"column":18}},"27":{"start":{"line":85,"column":4},"end":{"line":85,"column":83}},"28":{"start":{"line":86,"column":4},"end":{"line":89,"column":7}},"29":{"start":{"line":93,"column":0},"end":{"line":93,"column":38}}},"fnMap":{"0":{"name":"authenticateUser","decl":{"start":{"line":15,"column":15},"end":{"line":15,"column":31}},"loc":{"start":{"line":15,"column":48},"end":{"line":91,"column":1}},"line":15},"1":{"name":"(anonymous_1)","decl":{"start":{"line":56,"column":6},"end":{"line":56,"column":7}},"loc":{"start":{"line":56,"column":13},"end":{"line":56,"column":36}},"line":56}},"branchMap":{"0":{"loc":{"start":{"line":18,"column":4},"end":{"line":20,"column":5}},"type":"if","locations":[{"start":{"line":18,"column":4},"end":{"line":20,"column":5}},{"start":{},"end":{}}],"line":18},"1":{"loc":{"start":{"line":18,"column":8},"end":{"line":18,"column":39}},"type":"binary-expr","locations":[{"start":{"line":18,"column":8},"end":{"line":18,"column":19}},{"start":{"line":18,"column":23},"end":{"line":18,"column":39}}],"line":18},"2":{"loc":{"start":{"line":24,"column":4},"end":{"line":30,"column":5}},"type":"if","locations":[{"start":{"line":24,"column":4},"end":{"line":30,"column":5}},{"start":{},"end":{}}],"line":24},"3":{"loc":{"start":{"line":24,"column":8},"end":{"line":24,"column":55}},"type":"binary-expr","locations":[{"start":{"line":24,"column":8},"end":{"line":24,"column":19}},{"start":{"line":24,"column":23},"end":{"line":24,"column":55}}],"line":24},"4":{"loc":{"start":{"line":37,"column":4},"end":{"line":42,"column":5}},"type":"if","locations":[{"start":{"line":37,"column":4},"end":{"line":42,"column":5}},{"start":{},"end":{}}],"line":37},"5":{"loc":{"start":{"line":47,"column":4},"end":{"line":52,"column":5}},"type":"if","locations":[{"start":{"line":47,"column":4},"end":{"line":52,"column":5}},{"start":{},"end":{}}],"line":47},"6":{"loc":{"start":{"line":47,"column":8},"end":{"line":47,"column":30}},"type":"binary-expr","locations":[{"start":{"line":47,"column":8},"end":{"line":47,"column":17}},{"start":{"line":47,"column":21},"end":{"line":47,"column":30}}],"line":47},"7":{"loc":{"start":{"line":59,"column":4},"end":{"line":64,"column":5}},"type":"if","locations":[{"start":{"line":59,"column":4},"end":{"line":64,"column":5}},{"start":{},"end":{}}],"line":59},"8":{"loc":{"start":{"line":69,"column":4},"end":{"line":74,"column":5}},"type":"if","locations":[{"start":{"line":69,"column":4},"end":{"line":74,"column":5}},{"start":{},"end":{}}],"line":69}},"s":{"0":1,"1":1,"2":4,"3":4,"4":0,"5":4,"6":4,"7":1,"8":1,"9":3,"10":3,"11":3,"12":3,"13":0,"14":3,"15":3,"16":3,"17":0,"18":3,"19":3,"20":3,"21":1,"22":2,"23":2,"24":1,"25":1,"26":1,"27":0,"28":0,"29":1},"f":{"0":4,"1":3},"b":{"0":[0,4],"1":[4,4],"2":[1,3],"3":[4,3],"4":[0,3],"5":[0,3],"6":[3,3],"7":[1,2],"8":[1,1]},"_coverageSchema":"1a1c01bbd47fc00a2c39e90264f33305004495a9","hash":"f723d7e4a4484c892d4e49ba6931f3d1ab38f628"}
,"/Users/bigdaddy/Desktop/rex/server/middleware/errorHandlingMiddleware.js": {"path":"/Users/bigdaddy/Desktop/rex/server/middleware/errorHandlingMiddleware.js","statementMap":{"0":{"start":{"line":18,"column":2},"end":{"line":21,"column":5}},"1":{"start":{"line":36,"column":2},"end":{"line":41,"column":5}},"2":{"start":{"line":44,"column":19},"end":{"line":44,"column":54}},"3":{"start":{"line":47,"column":2},"end":{"line":56,"column":3}},"4":{"start":{"line":49,"column":4},"end":{"line":49,"column":21}},"5":{"start":{"line":50,"column":19},"end":{"line":50,"column":72}},"6":{"start":{"line":50,"column":62},"end":{"line":50,"column":71}},"7":{"start":{"line":51,"column":4},"end":{"line":55,"column":7}},"8":{"start":{"line":58,"column":2},"end":{"line":65,"column":3}},"9":{"start":{"line":60,"column":4},"end":{"line":60,"column":21}},"10":{"start":{"line":61,"column":4},"end":{"line":64,"column":7}},"11":{"start":{"line":67,"column":2},"end":{"line":75,"column":3}},"12":{"start":{"line":69,"column":4},"end":{"line":69,"column":21}},"13":{"start":{"line":70,"column":18},"end":{"line":70,"column":63}},"14":{"start":{"line":71,"column":4},"end":{"line":74,"column":7}},"15":{"start":{"line":77,"column":2},"end":{"line":84,"column":3}},"16":{"start":{"line":79,"column":4},"end":{"line":79,"column":21}},"17":{"start":{"line":80,"column":4},"end":{"line":83,"column":7}},"18":{"start":{"line":89,"column":4},"end":{"line":91,"column":53}},"19":{"start":{"line":93,"column":2},"end":{"line":98,"column":5}},"20":{"start":{"line":101,"column":0},"end":{"line":101,"column":57}}},"fnMap":{"0":{"name":"notFoundHandler","decl":{"start":{"line":17,"column":9},"end":{"line":17,"column":24}},"loc":{"start":{"line":17,"column":41},"end":{"line":22,"column":1}},"line":17},"1":{"name":"globalErrorHandler","decl":{"start":{"line":34,"column":9},"end":{"line":34,"column":27}},"loc":{"start":{"line":34,"column":49},"end":{"line":99,"column":1}},"line":34},"2":{"name":"(anonymous_2)","decl":{"start":{"line":50,"column":55},"end":{"line":50,"column":56}},"loc":{"start":{"line":50,"column":62},"end":{"line":50,"column":71}},"line":50}},"branchMap":{"0":{"loc":{"start":{"line":38,"column":11},"end":{"line":38,"column":72}},"type":"cond-expr","locations":[{"start":{"line":38,"column":51},"end":{"line":38,"column":60}},{"start":{"line":38,"column":63},"end":{"line":38,"column":72}}],"line":38},"1":{"loc":{"start":{"line":44,"column":19},"end":{"line":44,"column":54}},"type":"binary-expr","locations":[{"start":{"line":44,"column":19},"end":{"line":44,"column":33}},{"start":{"line":44,"column":37},"end":{"line":44,"column":47}},{"start":{"line":44,"column":51},"end":{"line":44,"column":54}}],"line":44},"2":{"loc":{"start":{"line":47,"column":2},"end":{"line":56,"column":3}},"type":"if","locations":[{"start":{"line":47,"column":2},"end":{"line":56,"column":3}},{"start":{},"end":{}}],"line":47},"3":{"loc":{"start":{"line":50,"column":33},"end":{"line":50,"column":49}},"type":"binary-expr","locations":[{"start":{"line":50,"column":33},"end":{"line":50,"column":43}},{"start":{"line":50,"column":47},"end":{"line":50,"column":49}}],"line":50},"4":{"loc":{"start":{"line":58,"column":2},"end":{"line":65,"column":3}},"type":"if","locations":[{"start":{"line":58,"column":2},"end":{"line":65,"column":3}},{"start":{},"end":{}}],"line":58},"5":{"loc":{"start":{"line":67,"column":2},"end":{"line":75,"column":3}},"type":"if","locations":[{"start":{"line":67,"column":2},"end":{"line":75,"column":3}},{"start":{},"end":{}}],"line":67},"6":{"loc":{"start":{"line":70,"column":18},"end":{"line":70,"column":63}},"type":"binary-expr","locations":[{"start":{"line":70,"column":18},"end":{"line":70,"column":52}},{"start":{"line":70,"column":56},"end":{"line":70,"column":63}}],"line":70},"7":{"loc":{"start":{"line":70,"column":30},"end":{"line":70,"column":48}},"type":"binary-expr","locations":[{"start":{"line":70,"column":30},"end":{"line":70,"column":42}},{"start":{"line":70,"column":46},"end":{"line":70,"column":48}}],"line":70},"8":{"loc":{"start":{"line":77,"column":2},"end":{"line":84,"column":3}},"type":"if","locations":[{"start":{"line":77,"column":2},"end":{"line":84,"column":3}},{"start":{},"end":{}}],"line":77},"9":{"loc":{"start":{"line":77,"column":6},"end":{"line":77,"column":70}},"type":"binary-expr","locations":[{"start":{"line":77,"column":6},"end":{"line":77,"column":32}},{"start":{"line":77,"column":36},"end":{"line":77,"column":70}}],"line":77},"10":{"loc":{"start":{"line":89,"column":4},"end":{"line":91,"column":53}},"type":"cond-expr","locations":[{"start":{"line":90,"column":8},"end":{"line":90,"column":68}},{"start":{"line":91,"column":8},"end":{"line":91,"column":53}}],"line":89},"11":{"loc":{"start":{"line":89,"column":4},"end":{"line":89,"column":63}},"type":"binary-expr","locations":[{"start":{"line":89,"column":4},"end":{"line":89,"column":41}},{"start":{"line":89,"column":45},"end":{"line":89,"column":63}}],"line":89},"12":{"loc":{"start":{"line":91,"column":8},"end":{"line":91,"column":53}},"type":"binary-expr","locations":[{"start":{"line":91,"column":8},"end":{"line":91,"column":19}},{"start":{"line":91,"column":23},"end":{"line":91,"column":53}}],"line":91},"13":{"loc":{"start":{"line":97,"column":8},"end":{"line":97,"column":70}},"type":"binary-expr","locations":[{"start":{"line":97,"column":8},"end":{"line":97,"column":46}},{"start":{"line":97,"column":50},"end":{"line":97,"column":70}}],"line":97}},"s":{"0":0,"1":0,"2":0,"3":0,"4":0,"5":0,"6":0,"7":0,"8":0,"9":0,"10":0,"11":0,"12":0,"13":0,"14":0,"15":0,"16":0,"17":0,"18":0,"19":0,"20":0},"f":{"0":0,"1":0,"2":0},"b":{"0":[0,0],"1":[0,0,0],"2":[0,0],"3":[0,0],"4":[0,0],"5":[0,0],"6":[0,0],"7":[0,0],"8":[0,0],"9":[0,0],"10":[0,0],"11":[0,0],"12":[0,0],"13":[0,0]}}
,"/Users/bigdaddy/Desktop/rex/server/middleware/sessionMiddleware.js": {"path":"/Users/bigdaddy/Desktop/rex/server/middleware/sessionMiddleware.js","statementMap":{"0":{"start":{"line":3,"column":16},"end":{"line":3,"column":42}},"1":{"start":{"line":4,"column":20},"end":{"line":4,"column":55}},"2":{"start":{"line":5,"column":13},"end":{"line":5,"column":28}},"3":{"start":{"line":6,"column":19},"end":{"line":6,"column":53}},"4":{"start":{"line":16,"column":16},"end":{"line":16,"column":53}},"5":{"start":{"line":18,"column":23},"end":{"line":24,"column":4}},"6":{"start":{"line":26,"column":2},"end":{"line":28,"column":5}},"7":{"start":{"line":27,"column":4},"end":{"line":27,"column":74}},"8":{"start":{"line":30,"column":2},"end":{"line":46,"column":4}},"9":{"start":{"line":48,"column":2},"end":{"line":48,"column":87}},"10":{"start":{"line":51,"column":0},"end":{"line":51,"column":39}}},"fnMap":{"0":{"name":"initializeSession","decl":{"start":{"line":14,"column":9},"end":{"line":14,"column":26}},"loc":{"start":{"line":14,"column":32},"end":{"line":49,"column":1}},"line":14},"1":{"name":"(anonymous_1)","decl":{"start":{"line":26,"column":27},"end":{"line":26,"column":28}},"loc":{"start":{"line":26,"column":36},"end":{"line":28,"column":3}},"line":26}},"branchMap":{},"s":{"0":0,"1":0,"2":0,"3":0,"4":0,"5":0,"6":0,"7":0,"8":0,"9":0,"10":0},"f":{"0":0,"1":0},"b":{}}
,"/Users/bigdaddy/Desktop/rex/server/models/FinancialRecord.js": {"path":"/Users/bigdaddy/Desktop/rex/server/models/FinancialRecord.js","statementMap":{"0":{"start":{"line":9,"column":17},"end":{"line":9,"column":36}},"1":{"start":{"line":10,"column":28},"end":{"line":10,"column":64}},"2":{"start":{"line":17,"column":26},"end":{"line":17,"column":61}},"3":{"start":{"line":19,"column":0},"end":{"line":24,"column":1}},"4":{"start":{"line":20,"column":2},"end":{"line":23,"column":4}},"5":{"start":{"line":28,"column":2},"end":{"line":29,"column":37}},"6":{"start":{"line":36,"column":30},"end":{"line":154,"column":1}},"7":{"start":{"line":161,"column":0},"end":{"line":161,"column":80}},"8":{"start":{"line":162,"column":0},"end":{"line":162,"column":59}},"9":{"start":{"line":163,"column":0},"end":{"line":163,"column":78}},"10":{"start":{"line":170,"column":0},"end":{"line":174,"column":3}},"11":{"start":{"line":173,"column":29},"end":{"line":173,"column":48}},"12":{"start":{"line":184,"column":0},"end":{"line":187,"column":3}},"13":{"start":{"line":185,"column":2},"end":{"line":185,"column":74}},"14":{"start":{"line":185,"column":57},"end":{"line":185,"column":74}},"15":{"start":{"line":186,"column":2},"end":{"line":186,"column":46}},"16":{"start":{"line":197,"column":0},"end":{"line":202,"column":2}},"17":{"start":{"line":198,"column":14},"end":{"line":198,"column":47}},"18":{"start":{"line":199,"column":2},"end":{"line":199,"column":21}},"19":{"start":{"line":200,"column":2},"end":{"line":200,"column":17}},"20":{"start":{"line":201,"column":2},"end":{"line":201,"column":13}},"21":{"start":{"line":216,"column":0},"end":{"line":233,"column":2}},"22":{"start":{"line":222,"column":17},"end":{"line":226,"column":3}},"23":{"start":{"line":228,"column":2},"end":{"line":230,"column":3}},"24":{"start":{"line":229,"column":4},"end":{"line":229,"column":37}},"25":{"start":{"line":232,"column":2},"end":{"line":232,"column":57}},"26":{"start":{"line":240,"column":0},"end":{"line":246,"column":2}},"27":{"start":{"line":241,"column":2},"end":{"line":245,"column":4}},"28":{"start":{"line":256,"column":0},"end":{"line":262,"column":3}},"29":{"start":{"line":257,"column":2},"end":{"line":260,"column":3}},"30":{"start":{"line":259,"column":4},"end":{"line":259,"column":48}},"31":{"start":{"line":261,"column":2},"end":{"line":261,"column":9}},"32":{"start":{"line":264,"column":24},"end":{"line":264,"column":80}},"33":{"start":{"line":266,"column":0},"end":{"line":266,"column":33}}},"fnMap":{"0":{"name":"(anonymous_0)","decl":{"start":{"line":173,"column":17},"end":{"line":173,"column":18}},"loc":{"start":{"line":173,"column":29},"end":{"line":173,"column":48}},"line":173},"1":{"name":"(anonymous_1)","decl":{"start":{"line":184,"column":53},"end":{"line":184,"column":54}},"loc":{"start":{"line":184,"column":65},"end":{"line":187,"column":1}},"line":184},"2":{"name":"(anonymous_2)","decl":{"start":{"line":197,"column":45},"end":{"line":197,"column":46}},"loc":{"start":{"line":197,"column":57},"end":{"line":202,"column":1}},"line":197},"3":{"name":"(anonymous_3)","decl":{"start":{"line":216,"column":48},"end":{"line":216,"column":49}},"loc":{"start":{"line":221,"column":2},"end":{"line":233,"column":1}},"line":221},"4":{"name":"(anonymous_4)","decl":{"start":{"line":240,"column":43},"end":{"line":240,"column":44}},"loc":{"start":{"line":240,"column":63},"end":{"line":246,"column":1}},"line":240},"5":{"name":"(anonymous_5)","decl":{"start":{"line":256,"column":34},"end":{"line":256,"column":35}},"loc":{"start":{"line":256,"column":50},"end":{"line":262,"column":1}},"line":256}},"branchMap":{"0":{"loc":{"start":{"line":19,"column":0},"end":{"line":24,"column":1}},"type":"if","locations":[{"start":{"line":19,"column":0},"end":{"line":24,"column":1}},{"start":{},"end":{}}],"line":19},"1":{"loc":{"start":{"line":19,"column":4},"end":{"line":19,"column":63}},"type":"binary-expr","locations":[{"start":{"line":19,"column":4},"end":{"line":19,"column":22}},{"start":{"line":19,"column":26},"end":{"line":19,"column":63}}],"line":19},"2":{"loc":{"start":{"line":28,"column":2},"end":{"line":29,"column":37}},"type":"binary-expr","locations":[{"start":{"line":28,"column":2},"end":{"line":28,"column":19}},{"start":{"line":29,"column":2},"end":{"line":29,"column":37}}],"line":28},"3":{"loc":{"start":{"line":185,"column":2},"end":{"line":185,"column":74}},"type":"if","locations":[{"start":{"line":185,"column":2},"end":{"line":185,"column":74}},{"start":{},"end":{}}],"line":185},"4":{"loc":{"start":{"line":185,"column":6},"end":{"line":185,"column":55}},"type":"binary-expr","locations":[{"start":{"line":185,"column":6},"end":{"line":185,"column":26}},{"start":{"line":185,"column":30},"end":{"line":185,"column":55}}],"line":185},"5":{"loc":{"start":{"line":186,"column":9},"end":{"line":186,"column":45}},"type":"cond-expr","locations":[{"start":{"line":186,"column":27},"end":{"line":186,"column":34}},{"start":{"line":186,"column":37},"end":{"line":186,"column":45}}],"line":186},"6":{"loc":{"start":{"line":228,"column":2},"end":{"line":230,"column":3}},"type":"if","locations":[{"start":{"line":228,"column":2},"end":{"line":230,"column":3}},{"start":{},"end":{}}],"line":228},"7":{"loc":{"start":{"line":257,"column":2},"end":{"line":260,"column":3}},"type":"if","locations":[{"start":{"line":257,"column":2},"end":{"line":260,"column":3}},{"start":{},"end":{}}],"line":257},"8":{"loc":{"start":{"line":257,"column":6},"end":{"line":257,"column":54}},"type":"binary-expr","locations":[{"start":{"line":257,"column":6},"end":{"line":257,"column":18}},{"start":{"line":257,"column":22},"end":{"line":257,"column":54}}],"line":257}},"s":{"0":0,"1":0,"2":0,"3":0,"4":0,"5":0,"6":0,"7":0,"8":0,"9":0,"10":0,"11":0,"12":0,"13":0,"14":0,"15":0,"16":0,"17":0,"18":0,"19":0,"20":0,"21":0,"22":0,"23":0,"24":0,"25":0,"26":0,"27":0,"28":0,"29":0,"30":0,"31":0,"32":0,"33":0},"f":{"0":0,"1":0,"2":0,"3":0,"4":0,"5":0},"b":{"0":[0,0],"1":[0,0],"2":[0,0],"3":[0,0],"4":[0,0],"5":[0,0],"6":[0,0],"7":[0,0],"8":[0,0]}}
,"/Users/bigdaddy/Desktop/rex/server/models/Transaction.js": {"path":"/Users/bigdaddy/Desktop/rex/server/models/Transaction.js","statementMap":{"0":{"start":{"line":1,"column":11},"end":{"line":1,"column":37}},"1":{"start":{"line":21,"column":14},"end":{"line":30,"column":3}},"2":{"start":{"line":32,"column":2},"end":{"line":37,"column":3}},"3":{"start":{"line":33,"column":4},"end":{"line":33,"column":17}},"4":{"start":{"line":35,"column":4},"end":{"line":35,"column":89}},"5":{"start":{"line":36,"column":4},"end":{"line":36,"column":14}},"6":{"start":{"line":41,"column":0},"end":{"line":41,"column":12}},"7":{"start":{"line":50,"column":57},"end":{"line":50,"column":68}},"8":{"start":{"line":52,"column":2},"end":{"line":54,"column":3}},"9":{"start":{"line":53,"column":4},"end":{"line":53,"column":78}},"10":{"start":{"line":55,"column":2},"end":{"line":57,"column":3}},"11":{"start":{"line":56,"column":4},"end":{"line":56,"column":85}},"12":{"start":{"line":58,"column":2},"end":{"line":60,"column":3}},"13":{"start":{"line":59,"column":4},"end":{"line":59,"column":76}},"14":{"start":{"line":62,"column":15},"end":{"line":65,"column":4}},"15":{"start":{"line":67,"column":15},"end":{"line":67,"column":64}},"16":{"start":{"line":69,"column":2},"end":{"line":69,"column":40}},"17":{"start":{"line":80,"column":2},"end":{"line":82,"column":3}},"18":{"start":{"line":81,"column":4},"end":{"line":81,"column":74}},"19":{"start":{"line":83,"column":2},"end":{"line":85,"column":3}},"20":{"start":{"line":84,"column":4},"end":{"line":84,"column":14}},"21":{"start":{"line":87,"column":15},"end":{"line":90,"column":4}},"22":{"start":{"line":93,"column":21},"end":{"line":112,"column":4}},"23":{"start":{"line":94,"column":21},"end":{"line":94,"column":23}},"24":{"start":{"line":95,"column":4},"end":{"line":110,"column":5}},"25":{"start":{"line":96,"column":61},"end":{"line":96,"column":64}},"26":{"start":{"line":98,"column":6},"end":{"line":100,"column":7}},"27":{"start":{"line":99,"column":8},"end":{"line":99,"column":117}},"28":{"start":{"line":101,"column":6},"end":{"line":103,"column":7}},"29":{"start":{"line":102,"column":8},"end":{"line":102,"column":131}},"30":{"start":{"line":104,"column":6},"end":{"line":106,"column":7}},"31":{"start":{"line":105,"column":8},"end":{"line":105,"column":117}},"32":{"start":{"line":108,"column":19},"end":{"line":108,"column":68}},"33":{"start":{"line":109,"column":6},"end":{"line":109,"column":42}},"34":{"start":{"line":111,"column":4},"end":{"line":111,"column":20}},"35":{"start":{"line":114,"column":14},"end":{"line":114,"column":38}},"36":{"start":{"line":117,"column":2},"end":{"line":117,"column":39}},"37":{"start":{"line":117,"column":25},"end":{"line":117,"column":37}},"38":{"start":{"line":127,"column":2},"end":{"line":127,"column":71}},"39":{"start":{"line":136,"column":2},"end":{"line":136,"column":75}},"40":{"start":{"line":146,"column":15},"end":{"line":146,"column":59}},"41":{"start":{"line":147,"column":2},"end":{"line":147,"column":22}},"42":{"start":{"line":150,"column":0},"end":{"line":156,"column":2}}},"fnMap":{"0":{"name":"initTable","decl":{"start":{"line":20,"column":9},"end":{"line":20,"column":18}},"loc":{"start":{"line":20,"column":21},"end":{"line":38,"column":1}},"line":20},"1":{"name":"create","decl":{"start":{"line":49,"column":9},"end":{"line":49,"column":15}},"loc":{"start":{"line":49,"column":29},"end":{"line":70,"column":1}},"line":49},"2":{"name":"bulkCreate","decl":{"start":{"line":79,"column":9},"end":{"line":79,"column":19}},"loc":{"start":{"line":79,"column":34},"end":{"line":118,"column":1}},"line":79},"3":{"name":"(anonymous_3)","decl":{"start":{"line":93,"column":36},"end":{"line":93,"column":37}},"loc":{"start":{"line":93,"column":46},"end":{"line":112,"column":3}},"line":93},"4":{"name":"(anonymous_4)","decl":{"start":{"line":117,"column":17},"end":{"line":117,"column":18}},"loc":{"start":{"line":117,"column":25},"end":{"line":117,"column":37}},"line":117},"5":{"name":"findById","decl":{"start":{"line":126,"column":9},"end":{"line":126,"column":17}},"loc":{"start":{"line":126,"column":22},"end":{"line":128,"column":1}},"line":126},"6":{"name":"findAll","decl":{"start":{"line":135,"column":9},"end":{"line":135,"column":16}},"loc":{"start":{"line":135,"column":19},"end":{"line":137,"column":1}},"line":135},"7":{"name":"deleteAll","decl":{"start":{"line":145,"column":9},"end":{"line":145,"column":18}},"loc":{"start":{"line":145,"column":21},"end":{"line":148,"column":1}},"line":145}},"branchMap":{"0":{"loc":{"start":{"line":50,"column":37},"end":{"line":50,"column":52}},"type":"default-arg","locations":[{"start":{"line":50,"column":48},"end":{"line":50,"column":52}}],"line":50},"1":{"loc":{"start":{"line":52,"column":2},"end":{"line":54,"column":3}},"type":"if","locations":[{"start":{"line":52,"column":2},"end":{"line":54,"column":3}},{"start":{},"end":{}}],"line":52},"2":{"loc":{"start":{"line":52,"column":6},"end":{"line":52,"column":39}},"type":"binary-expr","locations":[{"start":{"line":52,"column":6},"end":{"line":52,"column":11}},{"start":{"line":52,"column":15},"end":{"line":52,"column":39}}],"line":52},"3":{"loc":{"start":{"line":55,"column":2},"end":{"line":57,"column":3}},"type":"if","locations":[{"start":{"line":55,"column":2},"end":{"line":57,"column":3}},{"start":{},"end":{}}],"line":55},"4":{"loc":{"start":{"line":55,"column":6},"end":{"line":55,"column":53}},"type":"binary-expr","locations":[{"start":{"line":55,"column":6},"end":{"line":55,"column":18}},{"start":{"line":55,"column":22},"end":{"line":55,"column":53}}],"line":55},"5":{"loc":{"start":{"line":58,"column":2},"end":{"line":60,"column":3}},"type":"if","locations":[{"start":{"line":58,"column":2},"end":{"line":60,"column":3}},{"start":{},"end":{}}],"line":58},"6":{"loc":{"start":{"line":58,"column":6},"end":{"line":58,"column":49}},"type":"binary-expr","locations":[{"start":{"line":58,"column":6},"end":{"line":58,"column":32}},{"start":{"line":58,"column":36},"end":{"line":58,"column":49}}],"line":58},"7":{"loc":{"start":{"line":80,"column":2},"end":{"line":82,"column":3}},"type":"if","locations":[{"start":{"line":80,"column":2},"end":{"line":82,"column":3}},{"start":{},"end":{}}],"line":80},"8":{"loc":{"start":{"line":83,"column":2},"end":{"line":85,"column":3}},"type":"if","locations":[{"start":{"line":83,"column":2},"end":{"line":85,"column":3}},{"start":{},"end":{}}],"line":83},"9":{"loc":{"start":{"line":96,"column":41},"end":{"line":96,"column":56}},"type":"default-arg","locations":[{"start":{"line":96,"column":52},"end":{"line":96,"column":56}}],"line":96},"10":{"loc":{"start":{"line":98,"column":6},"end":{"line":100,"column":7}},"type":"if","locations":[{"start":{"line":98,"column":6},"end":{"line":100,"column":7}},{"start":{},"end":{}}],"line":98},"11":{"loc":{"start":{"line":98,"column":10},"end":{"line":98,"column":43}},"type":"binary-expr","locations":[{"start":{"line":98,"column":10},"end":{"line":98,"column":15}},{"start":{"line":98,"column":19},"end":{"line":98,"column":43}}],"line":98},"12":{"loc":{"start":{"line":101,"column":6},"end":{"line":103,"column":7}},"type":"if","locations":[{"start":{"line":101,"column":6},"end":{"line":103,"column":7}},{"start":{},"end":{}}],"line":101},"13":{"loc":{"start":{"line":101,"column":10},"end":{"line":101,"column":57}},"type":"binary-expr","locations":[{"start":{"line":101,"column":10},"end":{"line":101,"column":22}},{"start":{"line":101,"column":26},"end":{"line":101,"column":57}}],"line":101},"14":{"loc":{"start":{"line":104,"column":6},"end":{"line":106,"column":7}},"type":"if","locations":[{"start":{"line":104,"column":6},"end":{"line":106,"column":7}},{"start":{},"end":{}}],"line":104},"15":{"loc":{"start":{"line":104,"column":10},"end":{"line":104,"column":53}},"type":"binary-expr","locations":[{"start":{"line":104,"column":10},"end":{"line":104,"column":36}},{"start":{"line":104,"column":40},"end":{"line":104,"column":53}}],"line":104}},"s":{"0":0,"1":0,"2":0,"3":0,"4":0,"5":0,"6":0,"7":0,"8":0,"9":0,"10":0,"11":0,"12":0,"13":0,"14":0,"15":0,"16":0,"17":0,"18":0,"19":0,"20":0,"21":0,"22":0,"23":0,"24":0,"25":0,"26":0,"27":0,"28":0,"29":0,"30":0,"31":0,"32":0,"33":0,"34":0,"35":0,"36":0,"37":0,"38":0,"39":0,"40":0,"41":0,"42":0},"f":{"0":0,"1":0,"2":0,"3":0,"4":0,"5":0,"6":0,"7":0},"b":{"0":[0],"1":[0,0],"2":[0,0],"3":[0,0],"4":[0,0],"5":[0,0],"6":[0,0],"7":[0,0],"8":[0,0],"9":[0],"10":[0,0],"11":[0,0],"12":[0,0],"13":[0,0],"14":[0,0],"15":[0,0]}}
,"/Users/bigdaddy/Desktop/rex/server/models/User.js": {"path":"/Users/bigdaddy/Desktop/rex/server/models/User.js","statementMap":{"0":{"start":{"line":3,"column":15},"end":{"line":3,"column":34}},"1":{"start":{"line":4,"column":19},"end":{"line":4,"column":53}},"2":{"start":{"line":23,"column":4},"end":{"line":23,"column":17}},"3":{"start":{"line":24,"column":4},"end":{"line":24,"column":29}},"4":{"start":{"line":25,"column":4},"end":{"line":25,"column":37}},"5":{"start":{"line":26,"column":4},"end":{"line":26,"column":21}},"6":{"start":{"line":36,"column":4},"end":{"line":40,"column":6}},"7":{"start":{"line":50,"column":4},"end":{"line":50,"column":37}},"8":{"start":{"line":50,"column":24},"end":{"line":50,"column":37}},"9":{"start":{"line":51,"column":4},"end":{"line":51,"column":60}},"10":{"start":{"line":65,"column":4},"end":{"line":65,"column":31}},"11":{"start":{"line":65,"column":19},"end":{"line":65,"column":31}},"12":{"start":{"line":66,"column":17},"end":{"line":66,"column":74}},"13":{"start":{"line":66,"column":50},"end":{"line":66,"column":73}},"14":{"start":{"line":67,"column":4},"end":{"line":67,"column":40}},"15":{"start":{"line":77,"column":4},"end":{"line":77,"column":53}},"16":{"start":{"line":77,"column":41},"end":{"line":77,"column":53}},"17":{"start":{"line":78,"column":17},"end":{"line":78,"column":62}},"18":{"start":{"line":78,"column":50},"end":{"line":78,"column":61}},"19":{"start":{"line":79,"column":4},"end":{"line":79,"column":40}},"20":{"start":{"line":89,"column":4},"end":{"line":89,"column":62}},"21":{"start":{"line":89,"column":46},"end":{"line":89,"column":60}},"22":{"start":{"line":100,"column":4},"end":{"line":102,"column":5}},"23":{"start":{"line":101,"column":6},"end":{"line":101,"column":53}},"24":{"start":{"line":103,"column":4},"end":{"line":103,"column":67}},"25":{"start":{"line":107,"column":0},"end":{"line":107,"column":22}}},"fnMap":{"0":{"name":"(anonymous_0)","decl":{"start":{"line":22,"column":2},"end":{"line":22,"column":3}},"loc":{"start":{"line":22,"column":52},"end":{"line":27,"column":3}},"line":22},"1":{"name":"(anonymous_1)","decl":{"start":{"line":35,"column":2},"end":{"line":35,"column":3}},"loc":{"start":{"line":35,"column":17},"end":{"line":41,"column":3}},"line":35},"2":{"name":"(anonymous_2)","decl":{"start":{"line":49,"column":2},"end":{"line":49,"column":3}},"loc":{"start":{"line":49,"column":38},"end":{"line":52,"column":3}},"line":49},"3":{"name":"(anonymous_3)","decl":{"start":{"line":64,"column":2},"end":{"line":64,"column":3}},"loc":{"start":{"line":64,"column":34},"end":{"line":68,"column":3}},"line":64},"4":{"name":"(anonymous_4)","decl":{"start":{"line":66,"column":43},"end":{"line":66,"column":44}},"loc":{"start":{"line":66,"column":50},"end":{"line":66,"column":73}},"line":66},"5":{"name":"(anonymous_5)","decl":{"start":{"line":76,"column":2},"end":{"line":76,"column":3}},"loc":{"start":{"line":76,"column":22},"end":{"line":80,"column":3}},"line":76},"6":{"name":"(anonymous_6)","decl":{"start":{"line":78,"column":43},"end":{"line":78,"column":44}},"loc":{"start":{"line":78,"column":50},"end":{"line":78,"column":61}},"line":78},"7":{"name":"(anonymous_7)","decl":{"start":{"line":88,"column":2},"end":{"line":88,"column":3}},"loc":{"start":{"line":88,"column":19},"end":{"line":90,"column":3}},"line":88},"8":{"name":"(anonymous_8)","decl":{"start":{"line":89,"column":36},"end":{"line":89,"column":37}},"loc":{"start":{"line":89,"column":46},"end":{"line":89,"column":60}},"line":89},"9":{"name":"(anonymous_9)","decl":{"start":{"line":99,"column":2},"end":{"line":99,"column":3}},"loc":{"start":{"line":99,"column":43},"end":{"line":104,"column":3}},"line":99}},"branchMap":{"0":{"loc":{"start":{"line":50,"column":4},"end":{"line":50,"column":37}},"type":"if","locations":[{"start":{"line":50,"column":4},"end":{"line":50,"column":37}},{"start":{},"end":{}}],"line":50},"1":{"loc":{"start":{"line":65,"column":4},"end":{"line":65,"column":31}},"type":"if","locations":[{"start":{"line":65,"column":4},"end":{"line":65,"column":31}},{"start":{},"end":{}}],"line":65},"2":{"loc":{"start":{"line":67,"column":11},"end":{"line":67,"column":39}},"type":"cond-expr","locations":[{"start":{"line":67,"column":18},"end":{"line":67,"column":32}},{"start":{"line":67,"column":35},"end":{"line":67,"column":39}}],"line":67},"3":{"loc":{"start":{"line":77,"column":4},"end":{"line":77,"column":53}},"type":"if","locations":[{"start":{"line":77,"column":4},"end":{"line":77,"column":53}},{"start":{},"end":{}}],"line":77},"4":{"loc":{"start":{"line":77,"column":8},"end":{"line":77,"column":39}},"type":"binary-expr","locations":[{"start":{"line":77,"column":8},"end":{"line":77,"column":24}},{"start":{"line":77,"column":28},"end":{"line":77,"column":39}}],"line":77},"5":{"loc":{"start":{"line":79,"column":11},"end":{"line":79,"column":39}},"type":"cond-expr","locations":[{"start":{"line":79,"column":18},"end":{"line":79,"column":32}},{"start":{"line":79,"column":35},"end":{"line":79,"column":39}}],"line":79},"6":{"loc":{"start":{"line":100,"column":4},"end":{"line":102,"column":5}},"type":"if","locations":[{"start":{"line":100,"column":4},"end":{"line":102,"column":5}},{"start":{},"end":{}}],"line":100}},"s":{"0":1,"1":1,"2":5,"3":5,"4":5,"5":5,"6":1,"7":2,"8":0,"9":2,"10":5,"11":0,"12":5,"13":5,"14":5,"15":2,"16":0,"17":2,"18":2,"19":2,"20":0,"21":0,"22":2,"23":1,"24":1,"25":1},"f":{"0":5,"1":1,"2":2,"3":5,"4":5,"5":2,"6":2,"7":0,"8":0,"9":2},"b":{"0":[0,2],"1":[0,5],"2":[4,1],"3":[0,2],"4":[2,2],"5":[1,1],"6":[1,1]},"_coverageSchema":"1a1c01bbd47fc00a2c39e90264f33305004495a9","hash":"1d71055a5311eba37e3574e18a7d35eb3e4ea461"}
,"/Users/bigdaddy/Desktop/rex/server/routes/authRoutes.js": {"path":"/Users/bigdaddy/Desktop/rex/server/routes/authRoutes.js","statementMap":{"0":{"start":{"line":3,"column":16},"end":{"line":3,"column":34}},"1":{"start":{"line":4,"column":15},"end":{"line":4,"column":34}},"2":{"start":{"line":5,"column":19},"end":{"line":5,"column":53}},"3":{"start":{"line":7,"column":15},"end":{"line":7,"column":31}},"4":{"start":{"line":15,"column":0},"end":{"line":94,"column":3}},"5":{"start":{"line":16,"column":2},"end":{"line":93,"column":3}},"6":{"start":{"line":17,"column":35},"end":{"line":17,"column":43}},"7":{"start":{"line":20,"column":4},"end":{"line":25,"column":5}},"8":{"start":{"line":21,"column":6},"end":{"line":24,"column":9}},"9":{"start":{"line":28,"column":21},"end":{"line":30,"column":5}},"10":{"start":{"line":29,"column":13},"end":{"line":29,"column":36}},"11":{"start":{"line":32,"column":4},"end":{"line":38,"column":5}},"12":{"start":{"line":34,"column":6},"end":{"line":37,"column":9}},"13":{"start":{"line":41,"column":26},"end":{"line":41,"column":79}},"14":{"start":{"line":43,"column":4},"end":{"line":48,"column":5}},"15":{"start":{"line":44,"column":6},"end":{"line":47,"column":9}},"16":{"start":{"line":51,"column":4},"end":{"line":86,"column":7}},"17":{"start":{"line":52,"column":6},"end":{"line":58,"column":7}},"18":{"start":{"line":53,"column":8},"end":{"line":53,"column":71}},"19":{"start":{"line":54,"column":8},"end":{"line":57,"column":11}},"20":{"start":{"line":61,"column":6},"end":{"line":65,"column":8}},"21":{"start":{"line":68,"column":6},"end":{"line":85,"column":9}},"22":{"start":{"line":69,"column":8},"end":{"line":75,"column":9}},"23":{"start":{"line":70,"column":10},"end":{"line":70,"column":69}},"24":{"start":{"line":71,"column":10},"end":{"line":74,"column":13}},"25":{"start":{"line":77,"column":8},"end":{"line":84,"column":11}},"26":{"start":{"line":88,"column":4},"end":{"line":88,"column":70}},"27":{"start":{"line":89,"column":4},"end":{"line":92,"column":7}},"28":{"start":{"line":101,"column":0},"end":{"line":124,"column":3}},"29":{"start":{"line":102,"column":2},"end":{"line":105,"column":3}},"30":{"start":{"line":104,"column":4},"end":{"line":104,"column":87}},"31":{"start":{"line":107,"column":19},"end":{"line":107,"column":44}},"32":{"start":{"line":109,"column":2},"end":{"line":123,"column":5}},"33":{"start":{"line":110,"column":4},"end":{"line":116,"column":5}},"34":{"start":{"line":111,"column":6},"end":{"line":111,"column":68}},"35":{"start":{"line":112,"column":6},"end":{"line":115,"column":9}},"36":{"start":{"line":119,"column":4},"end":{"line":119,"column":50}},"37":{"start":{"line":121,"column":4},"end":{"line":121,"column":76}},"38":{"start":{"line":122,"column":4},"end":{"line":122,"column":67}},"39":{"start":{"line":131,"column":0},"end":{"line":139,"column":3}},"40":{"start":{"line":132,"column":2},"end":{"line":134,"column":3}},"41":{"start":{"line":133,"column":4},"end":{"line":133,"column":60}},"42":{"start":{"line":135,"column":2},"end":{"line":138,"column":5}},"43":{"start":{"line":141,"column":0},"end":{"line":141,"column":24}}},"fnMap":{"0":{"name":"(anonymous_0)","decl":{"start":{"line":15,"column":22},"end":{"line":15,"column":23}},"loc":{"start":{"line":15,"column":42},"end":{"line":94,"column":1}},"line":15},"1":{"name":"(anonymous_1)","decl":{"start":{"line":29,"column":6},"end":{"line":29,"column":7}},"loc":{"start":{"line":29,"column":13},"end":{"line":29,"column":36}},"line":29},"2":{"name":"(anonymous_2)","decl":{"start":{"line":51,"column":27},"end":{"line":51,"column":28}},"loc":{"start":{"line":51,"column":36},"end":{"line":86,"column":5}},"line":51},"3":{"name":"(anonymous_3)","decl":{"start":{"line":68,"column":23},"end":{"line":68,"column":24}},"loc":{"start":{"line":68,"column":36},"end":{"line":85,"column":7}},"line":68},"4":{"name":"(anonymous_4)","decl":{"start":{"line":101,"column":23},"end":{"line":101,"column":24}},"loc":{"start":{"line":101,"column":37},"end":{"line":124,"column":1}},"line":101},"5":{"name":"(anonymous_5)","decl":{"start":{"line":109,"column":22},"end":{"line":109,"column":23}},"loc":{"start":{"line":109,"column":31},"end":{"line":123,"column":3}},"line":109},"6":{"name":"(anonymous_6)","decl":{"start":{"line":131,"column":18},"end":{"line":131,"column":19}},"loc":{"start":{"line":131,"column":32},"end":{"line":139,"column":1}},"line":131}},"branchMap":{"0":{"loc":{"start":{"line":20,"column":4},"end":{"line":25,"column":5}},"type":"if","locations":[{"start":{"line":20,"column":4},"end":{"line":25,"column":5}},{"start":{},"end":{}}],"line":20},"1":{"loc":{"start":{"line":20,"column":8},"end":{"line":20,"column":30}},"type":"binary-expr","locations":[{"start":{"line":20,"column":8},"end":{"line":20,"column":17}},{"start":{"line":20,"column":21},"end":{"line":20,"column":30}}],"line":20},"2":{"loc":{"start":{"line":32,"column":4},"end":{"line":38,"column":5}},"type":"if","locations":[{"start":{"line":32,"column":4},"end":{"line":38,"column":5}},{"start":{},"end":{}}],"line":32},"3":{"loc":{"start":{"line":43,"column":4},"end":{"line":48,"column":5}},"type":"if","locations":[{"start":{"line":43,"column":4},"end":{"line":48,"column":5}},{"start":{},"end":{}}],"line":43},"4":{"loc":{"start":{"line":52,"column":6},"end":{"line":58,"column":7}},"type":"if","locations":[{"start":{"line":52,"column":6},"end":{"line":58,"column":7}},{"start":{},"end":{}}],"line":52},"5":{"loc":{"start":{"line":69,"column":8},"end":{"line":75,"column":9}},"type":"if","locations":[{"start":{"line":69,"column":8},"end":{"line":75,"column":9}},{"start":{},"end":{}}],"line":69},"6":{"loc":{"start":{"line":102,"column":2},"end":{"line":105,"column":3}},"type":"if","locations":[{"start":{"line":102,"column":2},"end":{"line":105,"column":3}},{"start":{},"end":{}}],"line":102},"7":{"loc":{"start":{"line":102,"column":6},"end":{"line":102,"column":39}},"type":"binary-expr","locations":[{"start":{"line":102,"column":6},"end":{"line":102,"column":18}},{"start":{"line":102,"column":22},"end":{"line":102,"column":39}}],"line":102},"8":{"loc":{"start":{"line":110,"column":4},"end":{"line":116,"column":5}},"type":"if","locations":[{"start":{"line":110,"column":4},"end":{"line":116,"column":5}},{"start":{},"end":{}}],"line":110},"9":{"loc":{"start":{"line":132,"column":2},"end":{"line":134,"column":3}},"type":"if","locations":[{"start":{"line":132,"column":2},"end":{"line":134,"column":3}},{"start":{},"end":{}}],"line":132},"10":{"loc":{"start":{"line":132,"column":6},"end":{"line":132,"column":37}},"type":"binary-expr","locations":[{"start":{"line":132,"column":6},"end":{"line":132,"column":17}},{"start":{"line":132,"column":21},"end":{"line":132,"column":37}}],"line":132}},"s":{"0":1,"1":1,"2":1,"3":1,"4":1,"5":6,"6":6,"7":6,"8":1,"9":5,"10":5,"11":5,"12":0,"13":5,"14":5,"15":1,"16":4,"17":4,"18":0,"19":0,"20":4,"21":4,"22":4,"23":0,"24":0,"25":4,"26":0,"27":0,"28":1,"29":2,"30":1,"31":1,"32":1,"33":1,"34":0,"35":0,"36":1,"37":1,"38":1,"39":1,"40":4,"41":2,"42":2,"43":1},"f":{"0":6,"1":5,"2":4,"3":4,"4":2,"5":1,"6":4},"b":{"0":[1,5],"1":[6,6],"2":[0,5],"3":[1,4],"4":[0,4],"5":[0,4],"6":[1,1],"7":[2,2],"8":[0,1],"9":[2,2],"10":[4,4]},"_coverageSchema":"1a1c01bbd47fc00a2c39e90264f33305004495a9","hash":"2bdd7c8d90db3d9f62ea6462b92a2c9cf1fb8881"}
,"/Users/bigdaddy/Desktop/rex/server/routes/financeRoutes.js": {"path":"/Users/bigdaddy/Desktop/rex/server/routes/financeRoutes.js","statementMap":{"0":{"start":{"line":1,"column":16},"end":{"line":1,"column":34}},"1":{"start":{"line":2,"column":26},"end":{"line":2,"column":69}},"2":{"start":{"line":3,"column":15},"end":{"line":3,"column":32}},"3":{"start":{"line":4,"column":13},"end":{"line":4,"column":28}},"4":{"start":{"line":5,"column":11},"end":{"line":5,"column":24}},"5":{"start":{"line":7,"column":15},"end":{"line":7,"column":31}},"6":{"start":{"line":10,"column":18},"end":{"line":10,"column":55}},"7":{"start":{"line":11,"column":0},"end":{"line":13,"column":1}},"8":{"start":{"line":12,"column":2},"end":{"line":12,"column":47}},"9":{"start":{"line":16,"column":16},"end":{"line":25,"column":2}},"10":{"start":{"line":18,"column":4},"end":{"line":18,"column":24}},"11":{"start":{"line":22,"column":25},"end":{"line":22,"column":75}},"12":{"start":{"line":23,"column":4},"end":{"line":23,"column":53}},"13":{"start":{"line":28,"column":19},"end":{"line":37,"column":1}},"14":{"start":{"line":29,"column":27},"end":{"line":29,"column":81}},"15":{"start":{"line":30,"column":14},"end":{"line":30,"column":59}},"16":{"start":{"line":32,"column":2},"end":{"line":36,"column":3}},"17":{"start":{"line":33,"column":4},"end":{"line":33,"column":19}},"18":{"start":{"line":35,"column":4},"end":{"line":35,"column":55}},"19":{"start":{"line":39,"column":15},"end":{"line":45,"column":2}},"20":{"start":{"line":48,"column":0},"end":{"line":48,"column":79}},"21":{"start":{"line":51,"column":0},"end":{"line":62,"column":3}},"22":{"start":{"line":52,"column":2},"end":{"line":57,"column":3}},"23":{"start":{"line":53,"column":4},"end":{"line":55,"column":5}},"24":{"start":{"line":54,"column":6},"end":{"line":54,"column":83}},"25":{"start":{"line":56,"column":4},"end":{"line":56,"column":80}},"26":{"start":{"line":58,"column":2},"end":{"line":60,"column":3}},"27":{"start":{"line":59,"column":4},"end":{"line":59,"column":56}},"28":{"start":{"line":61,"column":2},"end":{"line":61,"column":12}},"29":{"start":{"line":64,"column":0},"end":{"line":64,"column":24}}},"fnMap":{"0":{"name":"(anonymous_0)","decl":{"start":{"line":17,"column":15},"end":{"line":17,"column":16}},"loc":{"start":{"line":17,"column":34},"end":{"line":19,"column":3}},"line":17},"1":{"name":"(anonymous_1)","decl":{"start":{"line":20,"column":12},"end":{"line":20,"column":13}},"loc":{"start":{"line":20,"column":31},"end":{"line":24,"column":3}},"line":20},"2":{"name":"(anonymous_2)","decl":{"start":{"line":28,"column":19},"end":{"line":28,"column":20}},"loc":{"start":{"line":28,"column":38},"end":{"line":37,"column":1}},"line":28},"3":{"name":"(anonymous_3)","decl":{"start":{"line":51,"column":11},"end":{"line":51,"column":12}},"loc":{"start":{"line":51,"column":36},"end":{"line":62,"column":1}},"line":51}},"branchMap":{"0":{"loc":{"start":{"line":11,"column":0},"end":{"line":13,"column":1}},"type":"if","locations":[{"start":{"line":11,"column":0},"end":{"line":13,"column":1}},{"start":{},"end":{}}],"line":11},"1":{"loc":{"start":{"line":32,"column":2},"end":{"line":36,"column":3}},"type":"if","locations":[{"start":{"line":32,"column":2},"end":{"line":36,"column":3}},{"start":{"line":34,"column":9},"end":{"line":36,"column":3}}],"line":32},"2":{"loc":{"start":{"line":32,"column":6},"end":{"line":32,"column":64}},"type":"binary-expr","locations":[{"start":{"line":32,"column":6},"end":{"line":32,"column":46}},{"start":{"line":32,"column":50},"end":{"line":32,"column":64}}],"line":32},"3":{"loc":{"start":{"line":52,"column":2},"end":{"line":57,"column":3}},"type":"if","locations":[{"start":{"line":52,"column":2},"end":{"line":57,"column":3}},{"start":{},"end":{}}],"line":52},"4":{"loc":{"start":{"line":53,"column":4},"end":{"line":55,"column":5}},"type":"if","locations":[{"start":{"line":53,"column":4},"end":{"line":55,"column":5}},{"start":{},"end":{}}],"line":53},"5":{"loc":{"start":{"line":58,"column":2},"end":{"line":60,"column":3}},"type":"if","locations":[{"start":{"line":58,"column":2},"end":{"line":60,"column":3}},{"start":{},"end":{}}],"line":58},"6":{"loc":{"start":{"line":58,"column":6},"end":{"line":58,"column":57}},"type":"binary-expr","locations":[{"start":{"line":58,"column":6},"end":{"line":58,"column":9}},{"start":{"line":58,"column":13},"end":{"line":58,"column":57}}],"line":58}},"s":{"0":0,"1":0,"2":0,"3":0,"4":0,"5":0,"6":0,"7":0,"8":0,"9":0,"10":0,"11":0,"12":0,"13":0,"14":0,"15":0,"16":0,"17":0,"18":0,"19":0,"20":0,"21":0,"22":0,"23":0,"24":0,"25":0,"26":0,"27":0,"28":0,"29":0},"f":{"0":0,"1":0,"2":0,"3":0},"b":{"0":[0,0],"1":[0,0],"2":[0,0],"3":[0,0],"4":[0,0],"5":[0,0],"6":[0,0]}}
,"/Users/bigdaddy/Desktop/rex/server/services/csvNormalizer.js": {"path":"/Users/bigdaddy/Desktop/rex/server/services/csvNormalizer.js","statementMap":{"0":{"start":{"line":9,"column":11},"end":{"line":9,"column":24}},"1":{"start":{"line":10,"column":13},"end":{"line":10,"column":28}},"2":{"start":{"line":11,"column":12},"end":{"line":11,"column":31}},"3":{"start":{"line":17,"column":24},"end":{"line":60,"column":1}},"4":{"start":{"line":69,"column":2},"end":{"line":69,"column":66}},"5":{"start":{"line":78,"column":20},"end":{"line":78,"column":22}},"6":{"start":{"line":80,"column":2},"end":{"line":95,"column":5}},"7":{"start":{"line":81,"column":23},"end":{"line":81,"column":49}},"8":{"start":{"line":84,"column":4},"end":{"line":89,"column":5}},"9":{"start":{"line":85,"column":6},"end":{"line":88,"column":7}},"10":{"start":{"line":86,"column":8},"end":{"line":86,"column":45}},"11":{"start":{"line":87,"column":8},"end":{"line":87,"column":14}},"12":{"start":{"line":92,"column":4},"end":{"line":94,"column":5}},"13":{"start":{"line":93,"column":6},"end":{"line":93,"column":61}},"14":{"start":{"line":97,"column":2},"end":{"line":97,"column":19}},"15":{"start":{"line":107,"column":2},"end":{"line":107,"column":59}},"16":{"start":{"line":107,"column":47},"end":{"line":107,"column":59}},"17":{"start":{"line":109,"column":18},"end":{"line":109,"column":32}},"18":{"start":{"line":110,"column":2},"end":{"line":110,"column":28}},"19":{"start":{"line":110,"column":16},"end":{"line":110,"column":28}},"20":{"start":{"line":113,"column":21},"end":{"line":113,"column":38}},"21":{"start":{"line":114,"column":2},"end":{"line":116,"column":3}},"22":{"start":{"line":115,"column":4},"end":{"line":115,"column":22}},"23":{"start":{"line":119,"column":19},"end":{"line":119,"column":79}},"24":{"start":{"line":120,"column":2},"end":{"line":124,"column":3}},"25":{"start":{"line":121,"column":33},"end":{"line":121,"column":41}},"26":{"start":{"line":122,"column":14},"end":{"line":122,"column":83}},"27":{"start":{"line":123,"column":4},"end":{"line":123,"column":38}},"28":{"start":{"line":123,"column":29},"end":{"line":123,"column":38}},"29":{"start":{"line":127,"column":17},"end":{"line":127,"column":73}},"30":{"start":{"line":128,"column":2},"end":{"line":133,"column":3}},"31":{"start":{"line":129,"column":33},"end":{"line":129,"column":39}},"32":{"start":{"line":130,"column":21},"end":{"line":130,"column":68}},"33":{"start":{"line":131,"column":14},"end":{"line":131,"column":87}},"34":{"start":{"line":132,"column":4},"end":{"line":132,"column":38}},"35":{"start":{"line":132,"column":29},"end":{"line":132,"column":38}},"36":{"start":{"line":135,"column":2},"end":{"line":135,"column":14}},"37":{"start":{"line":145,"column":2},"end":{"line":145,"column":65}},"38":{"start":{"line":145,"column":53},"end":{"line":145,"column":65}},"39":{"start":{"line":146,"column":2},"end":{"line":146,"column":54}},"40":{"start":{"line":146,"column":37},"end":{"line":146,"column":54}},"41":{"start":{"line":148,"column":14},"end":{"line":148,"column":38}},"42":{"start":{"line":149,"column":2},"end":{"line":149,"column":24}},"43":{"start":{"line":149,"column":12},"end":{"line":149,"column":24}},"44":{"start":{"line":152,"column":16},"end":{"line":152,"column":47}},"45":{"start":{"line":155,"column":21},"end":{"line":155,"column":69}},"46":{"start":{"line":156,"column":2},"end":{"line":158,"column":3}},"47":{"start":{"line":157,"column":4},"end":{"line":157,"column":41}},"48":{"start":{"line":161,"column":2},"end":{"line":161,"column":42}},"49":{"start":{"line":163,"column":17},"end":{"line":163,"column":36}},"50":{"start":{"line":164,"column":2},"end":{"line":164,"column":39}},"51":{"start":{"line":174,"column":21},"end":{"line":184,"column":3}},"52":{"start":{"line":187,"column":2},"end":{"line":187,"column":37}},"53":{"start":{"line":190,"column":2},"end":{"line":224,"column":3}},"54":{"start":{"line":191,"column":21},"end":{"line":191,"column":38}},"55":{"start":{"line":193,"column":4},"end":{"line":223,"column":5}},"56":{"start":{"line":195,"column":8},"end":{"line":195,"column":46}},"57":{"start":{"line":196,"column":8},"end":{"line":196,"column":14}},"58":{"start":{"line":198,"column":8},"end":{"line":198,"column":75}},"59":{"start":{"line":199,"column":8},"end":{"line":199,"column":14}},"60":{"start":{"line":201,"column":8},"end":{"line":201,"column":50}},"61":{"start":{"line":202,"column":8},"end":{"line":202,"column":14}},"62":{"start":{"line":204,"column":8},"end":{"line":204,"column":49}},"63":{"start":{"line":205,"column":8},"end":{"line":205,"column":14}},"64":{"start":{"line":207,"column":8},"end":{"line":207,"column":50}},"65":{"start":{"line":208,"column":8},"end":{"line":208,"column":14}},"66":{"start":{"line":210,"column":8},"end":{"line":210,"column":51}},"67":{"start":{"line":211,"column":8},"end":{"line":211,"column":14}},"68":{"start":{"line":213,"column":8},"end":{"line":213,"column":72}},"69":{"start":{"line":214,"column":8},"end":{"line":214,"column":14}},"70":{"start":{"line":216,"column":8},"end":{"line":216,"column":73}},"71":{"start":{"line":217,"column":8},"end":{"line":217,"column":14}},"72":{"start":{"line":220,"column":8},"end":{"line":222,"column":9}},"73":{"start":{"line":221,"column":10},"end":{"line":221,"column":47}},"74":{"start":{"line":227,"column":2},"end":{"line":239,"column":3}},"75":{"start":{"line":228,"column":18},"end":{"line":228,"column":34}},"76":{"start":{"line":229,"column":19},"end":{"line":229,"column":36}},"77":{"start":{"line":231,"column":4},"end":{"line":238,"column":5}},"78":{"start":{"line":233,"column":6},"end":{"line":233,"column":55}},"79":{"start":{"line":234,"column":11},"end":{"line":238,"column":5}},"80":{"start":{"line":235,"column":6},"end":{"line":235,"column":43}},"81":{"start":{"line":236,"column":11},"end":{"line":238,"column":5}},"82":{"start":{"line":237,"column":6},"end":{"line":237,"column":43}},"83":{"start":{"line":241,"column":2},"end":{"line":241,"column":20}},"84":{"start":{"line":251,"column":19},"end":{"line":251,"column":21}},"85":{"start":{"line":253,"column":2},"end":{"line":255,"column":3}},"86":{"start":{"line":254,"column":4},"end":{"line":254,"column":66}},"87":{"start":{"line":257,"column":2},"end":{"line":259,"column":3}},"88":{"start":{"line":258,"column":4},"end":{"line":258,"column":68}},"89":{"start":{"line":261,"column":2},"end":{"line":263,"column":3}},"90":{"start":{"line":262,"column":4},"end":{"line":262,"column":58}},"91":{"start":{"line":265,"column":2},"end":{"line":268,"column":4}},"92":{"start":{"line":281,"column":2},"end":{"line":379,"column":5}},"93":{"start":{"line":283,"column":4},"end":{"line":285,"column":5}},"94":{"start":{"line":284,"column":6},"end":{"line":284,"column":61}},"95":{"start":{"line":287,"column":25},"end":{"line":287,"column":47}},"96":{"start":{"line":289,"column":4},"end":{"line":291,"column":5}},"97":{"start":{"line":290,"column":6},"end":{"line":290,"column":66}},"98":{"start":{"line":293,"column":18},"end":{"line":293,"column":43}},"99":{"start":{"line":294,"column":4},"end":{"line":296,"column":5}},"100":{"start":{"line":295,"column":6},"end":{"line":295,"column":52}},"101":{"start":{"line":298,"column":20},"end":{"line":298,"column":22}},"102":{"start":{"line":299,"column":24},"end":{"line":299,"column":26}},"103":{"start":{"line":300,"column":20},"end":{"line":300,"column":24}},"104":{"start":{"line":301,"column":19},"end":{"line":301,"column":20}},"105":{"start":{"line":302,"column":18},"end":{"line":302,"column":19}},"106":{"start":{"line":303,"column":18},"end":{"line":303,"column":23}},"107":{"start":{"line":305,"column":19},"end":{"line":305,"column":74}},"108":{"start":{"line":308,"column":4},"end":{"line":310,"column":7}},"109":{"start":{"line":309,"column":6},"end":{"line":309,"column":63}},"110":{"start":{"line":312,"column":19},"end":{"line":318,"column":6}},"111":{"start":{"line":320,"column":4},"end":{"line":322,"column":7}},"112":{"start":{"line":321,"column":6},"end":{"line":321,"column":61}},"113":{"start":{"line":324,"column":4},"end":{"line":338,"column":7}},"114":{"start":{"line":325,"column":6},"end":{"line":328,"column":7}},"115":{"start":{"line":326,"column":8},"end":{"line":326,"column":25}},"116":{"start":{"line":327,"column":8},"end":{"line":327,"column":60}},"117":{"start":{"line":331,"column":30},"end":{"line":331,"column":64}},"118":{"start":{"line":331,"column":50},"end":{"line":331,"column":63}},"119":{"start":{"line":332,"column":6},"end":{"line":335,"column":7}},"120":{"start":{"line":333,"column":8},"end":{"line":333,"column":25}},"121":{"start":{"line":334,"column":8},"end":{"line":334,"column":67}},"122":{"start":{"line":337,"column":6},"end":{"line":337,"column":42}},"123":{"start":{"line":340,"column":4},"end":{"line":363,"column":7}},"124":{"start":{"line":341,"column":6},"end":{"line":341,"column":17}},"125":{"start":{"line":342,"column":6},"end":{"line":342,"column":21}},"126":{"start":{"line":345,"column":21},"end":{"line":345,"column":39}},"127":{"start":{"line":346,"column":6},"end":{"line":349,"column":7}},"128":{"start":{"line":346,"column":28},"end":{"line":346,"column":51}},"129":{"start":{"line":347,"column":8},"end":{"line":347,"column":18}},"130":{"start":{"line":348,"column":8},"end":{"line":348,"column":15}},"131":{"start":{"line":351,"column":25},"end":{"line":351,"column":53}},"132":{"start":{"line":352,"column":34},"end":{"line":352,"column":67}},"133":{"start":{"line":355,"column":6},"end":{"line":355,"column":36}},"134":{"start":{"line":357,"column":6},"end":{"line":362,"column":7}},"135":{"start":{"line":358,"column":8},"end":{"line":358,"column":33}},"136":{"start":{"line":360,"column":8},"end":{"line":360,"column":18}},"137":{"start":{"line":361,"column":8},"end":{"line":361,"column":102}},"138":{"start":{"line":365,"column":4},"end":{"line":375,"column":7}},"139":{"start":{"line":366,"column":6},"end":{"line":368,"column":7}},"140":{"start":{"line":367,"column":8},"end":{"line":367,"column":67}},"141":{"start":{"line":370,"column":6},"end":{"line":374,"column":9}},"142":{"start":{"line":378,"column":4},"end":{"line":378,"column":24}},"143":{"start":{"line":382,"column":0},"end":{"line":391,"column":2}}},"fnMap":{"0":{"name":"normalizeHeader","decl":{"start":{"line":68,"column":9},"end":{"line":68,"column":24}},"loc":{"start":{"line":68,"column":33},"end":{"line":70,"column":1}},"line":68},"1":{"name":"buildHeaderMap","decl":{"start":{"line":77,"column":9},"end":{"line":77,"column":23}},"loc":{"start":{"line":77,"column":36},"end":{"line":98,"column":1}},"line":77},"2":{"name":"(anonymous_2)","decl":{"start":{"line":80,"column":21},"end":{"line":80,"column":22}},"loc":{"start":{"line":80,"column":36},"end":{"line":95,"column":3}},"line":80},"3":{"name":"parseDate","decl":{"start":{"line":106,"column":9},"end":{"line":106,"column":18}},"loc":{"start":{"line":106,"column":28},"end":{"line":136,"column":1}},"line":106},"4":{"name":"parseAmount","decl":{"start":{"line":144,"column":9},"end":{"line":144,"column":20}},"loc":{"start":{"line":144,"column":32},"end":{"line":165,"column":1}},"line":144},"5":{"name":"normalizeRow","decl":{"start":{"line":173,"column":9},"end":{"line":173,"column":21}},"loc":{"start":{"line":173,"column":41},"end":{"line":242,"column":1}},"line":173},"6":{"name":"validateRow","decl":{"start":{"line":250,"column":9},"end":{"line":250,"column":20}},"loc":{"start":{"line":250,"column":36},"end":{"line":269,"column":1}},"line":250},"7":{"name":"normalizeCSV","decl":{"start":{"line":280,"column":9},"end":{"line":280,"column":21}},"loc":{"start":{"line":280,"column":32},"end":{"line":380,"column":1}},"line":280},"8":{"name":"(anonymous_8)","decl":{"start":{"line":281,"column":21},"end":{"line":281,"column":22}},"loc":{"start":{"line":281,"column":42},"end":{"line":379,"column":3}},"line":281},"9":{"name":"(anonymous_9)","decl":{"start":{"line":308,"column":23},"end":{"line":308,"column":24}},"loc":{"start":{"line":308,"column":32},"end":{"line":310,"column":5}},"line":308},"10":{"name":"(anonymous_10)","decl":{"start":{"line":320,"column":23},"end":{"line":320,"column":24}},"loc":{"start":{"line":320,"column":32},"end":{"line":322,"column":5}},"line":320},"11":{"name":"(anonymous_11)","decl":{"start":{"line":324,"column":25},"end":{"line":324,"column":26}},"loc":{"start":{"line":324,"column":38},"end":{"line":338,"column":5}},"line":324},"12":{"name":"(anonymous_12)","decl":{"start":{"line":331,"column":45},"end":{"line":331,"column":46}},"loc":{"start":{"line":331,"column":50},"end":{"line":331,"column":63}},"line":331},"13":{"name":"(anonymous_13)","decl":{"start":{"line":340,"column":22},"end":{"line":340,"column":23}},"loc":{"start":{"line":340,"column":31},"end":{"line":363,"column":5}},"line":340},"14":{"name":"(anonymous_14)","decl":{"start":{"line":346,"column":23},"end":{"line":346,"column":24}},"loc":{"start":{"line":346,"column":28},"end":{"line":346,"column":51}},"line":346},"15":{"name":"(anonymous_15)","decl":{"start":{"line":365,"column":21},"end":{"line":365,"column":22}},"loc":{"start":{"line":365,"column":27},"end":{"line":375,"column":5}},"line":365}},"branchMap":{"0":{"loc":{"start":{"line":85,"column":6},"end":{"line":88,"column":7}},"type":"if","locations":[{"start":{"line":85,"column":6},"end":{"line":88,"column":7}},{"start":{},"end":{}}],"line":85},"1":{"loc":{"start":{"line":92,"column":4},"end":{"line":94,"column":5}},"type":"if","locations":[{"start":{"line":92,"column":4},"end":{"line":94,"column":5}},{"start":{},"end":{}}],"line":92},"2":{"loc":{"start":{"line":107,"column":2},"end":{"line":107,"column":59}},"type":"if","locations":[{"start":{"line":107,"column":2},"end":{"line":107,"column":59}},{"start":{},"end":{}}],"line":107},"3":{"loc":{"start":{"line":107,"column":6},"end":{"line":107,"column":45}},"type":"binary-expr","locations":[{"start":{"line":107,"column":6},"end":{"line":107,"column":14}},{"start":{"line":107,"column":18},"end":{"line":107,"column":45}}],"line":107},"4":{"loc":{"start":{"line":110,"column":2},"end":{"line":110,"column":28}},"type":"if","locations":[{"start":{"line":110,"column":2},"end":{"line":110,"column":28}},{"start":{},"end":{}}],"line":110},"5":{"loc":{"start":{"line":114,"column":2},"end":{"line":116,"column":3}},"type":"if","locations":[{"start":{"line":114,"column":2},"end":{"line":116,"column":3}},{"start":{},"end":{}}],"line":114},"6":{"loc":{"start":{"line":120,"column":2},"end":{"line":124,"column":3}},"type":"if","locations":[{"start":{"line":120,"column":2},"end":{"line":124,"column":3}},{"start":{},"end":{}}],"line":120},"7":{"loc":{"start":{"line":123,"column":4},"end":{"line":123,"column":38}},"type":"if","locations":[{"start":{"line":123,"column":4},"end":{"line":123,"column":38}},{"start":{},"end":{}}],"line":123},"8":{"loc":{"start":{"line":128,"column":2},"end":{"line":133,"column":3}},"type":"if","locations":[{"start":{"line":128,"column":2},"end":{"line":133,"column":3}},{"start":{},"end":{}}],"line":128},"9":{"loc":{"start":{"line":130,"column":21},"end":{"line":130,"column":68}},"type":"cond-expr","locations":[{"start":{"line":130,"column":43},"end":{"line":130,"column":54}},{"start":{"line":130,"column":57},"end":{"line":130,"column":68}}],"line":130},"10":{"loc":{"start":{"line":132,"column":4},"end":{"line":132,"column":38}},"type":"if","locations":[{"start":{"line":132,"column":4},"end":{"line":132,"column":38}},{"start":{},"end":{}}],"line":132},"11":{"loc":{"start":{"line":145,"column":2},"end":{"line":145,"column":65}},"type":"if","locations":[{"start":{"line":145,"column":2},"end":{"line":145,"column":65}},{"start":{},"end":{}}],"line":145},"12":{"loc":{"start":{"line":145,"column":6},"end":{"line":145,"column":51}},"type":"binary-expr","locations":[{"start":{"line":145,"column":6},"end":{"line":145,"column":24}},{"start":{"line":145,"column":28},"end":{"line":145,"column":51}}],"line":145},"13":{"loc":{"start":{"line":146,"column":2},"end":{"line":146,"column":54}},"type":"if","locations":[{"start":{"line":146,"column":2},"end":{"line":146,"column":54}},{"start":{},"end":{}}],"line":146},"14":{"loc":{"start":{"line":149,"column":2},"end":{"line":149,"column":24}},"type":"if","locations":[{"start":{"line":149,"column":2},"end":{"line":149,"column":24}},{"start":{},"end":{}}],"line":149},"15":{"loc":{"start":{"line":155,"column":21},"end":{"line":155,"column":69}},"type":"binary-expr","locations":[{"start":{"line":155,"column":21},"end":{"line":155,"column":44}},{"start":{"line":155,"column":48},"end":{"line":155,"column":69}}],"line":155},"16":{"loc":{"start":{"line":156,"column":2},"end":{"line":158,"column":3}},"type":"if","locations":[{"start":{"line":156,"column":2},"end":{"line":158,"column":3}},{"start":{},"end":{}}],"line":156},"17":{"loc":{"start":{"line":164,"column":9},"end":{"line":164,"column":38}},"type":"cond-expr","locations":[{"start":{"line":164,"column":25},"end":{"line":164,"column":29}},{"start":{"line":164,"column":32},"end":{"line":164,"column":38}}],"line":164},"18":{"loc":{"start":{"line":193,"column":4},"end":{"line":223,"column":5}},"type":"switch","locations":[{"start":{"line":194,"column":6},"end":{"line":196,"column":14}},{"start":{"line":197,"column":6},"end":{"line":199,"column":14}},{"start":{"line":200,"column":6},"end":{"line":202,"column":14}},{"start":{"line":203,"column":6},"end":{"line":205,"column":14}},{"start":{"line":206,"column":6},"end":{"line":208,"column":14}},{"start":{"line":209,"column":6},"end":{"line":211,"column":14}},{"start":{"line":212,"column":6},"end":{"line":214,"column":14}},{"start":{"line":215,"column":6},"end":{"line":217,"column":14}},{"start":{"line":218,"column":6},"end":{"line":222,"column":9}}],"line":193},"19":{"loc":{"start":{"line":198,"column":33},"end":{"line":198,"column":74}},"type":"cond-expr","locations":[{"start":{"line":198,"column":44},"end":{"line":198,"column":67}},{"start":{"line":198,"column":70},"end":{"line":198,"column":74}}],"line":198},"20":{"loc":{"start":{"line":213,"column":30},"end":{"line":213,"column":71}},"type":"cond-expr","locations":[{"start":{"line":213,"column":41},"end":{"line":213,"column":64}},{"start":{"line":213,"column":67},"end":{"line":213,"column":71}}],"line":213},"21":{"loc":{"start":{"line":216,"column":31},"end":{"line":216,"column":72}},"type":"cond-expr","locations":[{"start":{"line":216,"column":42},"end":{"line":216,"column":65}},{"start":{"line":216,"column":68},"end":{"line":216,"column":72}}],"line":216},"22":{"loc":{"start":{"line":220,"column":8},"end":{"line":222,"column":9}},"type":"if","locations":[{"start":{"line":220,"column":8},"end":{"line":222,"column":9}},{"start":{},"end":{}}],"line":220},"23":{"loc":{"start":{"line":220,"column":12},"end":{"line":220,"column":74}},"type":"binary-expr","locations":[{"start":{"line":220,"column":12},"end":{"line":220,"column":34}},{"start":{"line":220,"column":38},"end":{"line":220,"column":55}},{"start":{"line":220,"column":59},"end":{"line":220,"column":74}}],"line":220},"24":{"loc":{"start":{"line":227,"column":2},"end":{"line":239,"column":3}},"type":"if","locations":[{"start":{"line":227,"column":2},"end":{"line":239,"column":3}},{"start":{},"end":{}}],"line":227},"25":{"loc":{"start":{"line":231,"column":4},"end":{"line":238,"column":5}},"type":"if","locations":[{"start":{"line":231,"column":4},"end":{"line":238,"column":5}},{"start":{"line":234,"column":11},"end":{"line":238,"column":5}}],"line":231},"26":{"loc":{"start":{"line":231,"column":8},"end":{"line":231,"column":41}},"type":"binary-expr","locations":[{"start":{"line":231,"column":8},"end":{"line":231,"column":22}},{"start":{"line":231,"column":26},"end":{"line":231,"column":41}}],"line":231},"27":{"loc":{"start":{"line":233,"column":27},"end":{"line":233,"column":38}},"type":"binary-expr","locations":[{"start":{"line":233,"column":27},"end":{"line":233,"column":33}},{"start":{"line":233,"column":37},"end":{"line":233,"column":38}}],"line":233},"28":{"loc":{"start":{"line":233,"column":43},"end":{"line":233,"column":53}},"type":"binary-expr","locations":[{"start":{"line":233,"column":43},"end":{"line":233,"column":48}},{"start":{"line":233,"column":52},"end":{"line":233,"column":53}}],"line":233},"29":{"loc":{"start":{"line":234,"column":11},"end":{"line":238,"column":5}},"type":"if","locations":[{"start":{"line":234,"column":11},"end":{"line":238,"column":5}},{"start":{"line":236,"column":11},"end":{"line":238,"column":5}}],"line":234},"30":{"loc":{"start":{"line":236,"column":11},"end":{"line":238,"column":5}},"type":"if","locations":[{"start":{"line":236,"column":11},"end":{"line":238,"column":5}},{"start":{},"end":{}}],"line":236},"31":{"loc":{"start":{"line":253,"column":2},"end":{"line":255,"column":3}},"type":"if","locations":[{"start":{"line":253,"column":2},"end":{"line":255,"column":3}},{"start":{},"end":{}}],"line":253},"32":{"loc":{"start":{"line":257,"column":2},"end":{"line":259,"column":3}},"type":"if","locations":[{"start":{"line":257,"column":2},"end":{"line":259,"column":3}},{"start":{},"end":{}}],"line":257},"33":{"loc":{"start":{"line":261,"column":2},"end":{"line":263,"column":3}},"type":"if","locations":[{"start":{"line":261,"column":2},"end":{"line":263,"column":3}},{"start":{},"end":{}}],"line":261},"34":{"loc":{"start":{"line":266,"column":11},"end":{"line":266,"column":51}},"type":"binary-expr","locations":[{"start":{"line":266,"column":11},"end":{"line":266,"column":28}},{"start":{"line":266,"column":32},"end":{"line":266,"column":51}}],"line":266},"35":{"loc":{"start":{"line":283,"column":4},"end":{"line":285,"column":5}},"type":"if","locations":[{"start":{"line":283,"column":4},"end":{"line":285,"column":5}},{"start":{},"end":{}}],"line":283},"36":{"loc":{"start":{"line":283,"column":8},"end":{"line":283,"column":49}},"type":"binary-expr","locations":[{"start":{"line":283,"column":8},"end":{"line":283,"column":17}},{"start":{"line":283,"column":21},"end":{"line":283,"column":49}}],"line":283},"37":{"loc":{"start":{"line":289,"column":4},"end":{"line":291,"column":5}},"type":"if","locations":[{"start":{"line":289,"column":4},"end":{"line":291,"column":5}},{"start":{},"end":{}}],"line":289},"38":{"loc":{"start":{"line":294,"column":4},"end":{"line":296,"column":5}},"type":"if","locations":[{"start":{"line":294,"column":4},"end":{"line":296,"column":5}},{"start":{},"end":{}}],"line":294},"39":{"loc":{"start":{"line":325,"column":6},"end":{"line":328,"column":7}},"type":"if","locations":[{"start":{"line":325,"column":6},"end":{"line":328,"column":7}},{"start":{},"end":{}}],"line":325},"40":{"loc":{"start":{"line":325,"column":10},"end":{"line":325,"column":42}},"type":"binary-expr","locations":[{"start":{"line":325,"column":10},"end":{"line":325,"column":18}},{"start":{"line":325,"column":22},"end":{"line":325,"column":42}}],"line":325},"41":{"loc":{"start":{"line":331,"column":50},"end":{"line":331,"column":63}},"type":"binary-expr","locations":[{"start":{"line":331,"column":50},"end":{"line":331,"column":51}},{"start":{"line":331,"column":55},"end":{"line":331,"column":63}}],"line":331},"42":{"loc":{"start":{"line":332,"column":6},"end":{"line":335,"column":7}},"type":"if","locations":[{"start":{"line":332,"column":6},"end":{"line":335,"column":7}},{"start":{},"end":{}}],"line":332},"43":{"loc":{"start":{"line":346,"column":6},"end":{"line":349,"column":7}},"type":"if","locations":[{"start":{"line":346,"column":6},"end":{"line":349,"column":7}},{"start":{},"end":{}}],"line":346},"44":{"loc":{"start":{"line":346,"column":28},"end":{"line":346,"column":51}},"type":"binary-expr","locations":[{"start":{"line":346,"column":28},"end":{"line":346,"column":30}},{"start":{"line":346,"column":34},"end":{"line":346,"column":51}}],"line":346},"45":{"loc":{"start":{"line":357,"column":6},"end":{"line":362,"column":7}},"type":"if","locations":[{"start":{"line":357,"column":6},"end":{"line":362,"column":7}},{"start":{"line":359,"column":13},"end":{"line":362,"column":7}}],"line":357},"46":{"loc":{"start":{"line":366,"column":6},"end":{"line":368,"column":7}},"type":"if","locations":[{"start":{"line":366,"column":6},"end":{"line":368,"column":7}},{"start":{},"end":{}}],"line":366}},"s":{"0":0,"1":0,"2":0,"3":0,"4":0,"5":0,"6":0,"7":0,"8":0,"9":0,"10":0,"11":0,"12":0,"13":0,"14":0,"15":0,"16":0,"17":0,"18":0,"19":0,"20":0,"21":0,"22":0,"23":0,"24":0,"25":0,"26":0,"27":0,"28":0,"29":0,"30":0,"31":0,"32":0,"33":0,"34":0,"35":0,"36":0,"37":0,"38":0,"39":0,"40":0,"41":0,"42":0,"43":0,"44":0,"45":0,"46":0,"47":0,"48":0,"49":0,"50":0,"51":0,"52":0,"53":0,"54":0,"55":0,"56":0,"57":0,"58":0,"59":0,"60":0,"61":0,"62":0,"63":0,"64":0,"65":0,"66":0,"67":0,"68":0,"69":0,"70":0,"71":0,"72":0,"73":0,"74":0,"75":0,"76":0,"77":0,"78":0,"79":0,"80":0,"81":0,"82":0,"83":0,"84":0,"85":0,"86":0,"87":0,"88":0,"89":0,"90":0,"91":0,"92":0,"93":0,"94":0,"95":0,"96":0,"97":0,"98":0,"99":0,"100":0,"101":0,"102":0,"103":0,"104":0,"105":0,"106":0,"107":0,"108":0,"109":0,"110":0,"111":0,"112":0,"113":0,"114":0,"115":0,"116":0,"117":0,"118":0,"119":0,"120":0,"121":0,"122":0,"123":0,"124":0,"125":0,"126":0,"127":0,"128":0,"129":0,"130":0,"131":0,"132":0,"133":0,"134":0,"135":0,"136":0,"137":0,"138":0,"139":0,"140":0,"141":0,"142":0,"143":0},"f":{"0":0,"1":0,"2":0,"3":0,"4":0,"5":0,"6":0,"7":0,"8":0,"9":0,"10":0,"11":0,"12":0,"13":0,"14":0,"15":0},"b":{"0":[0,0],"1":[0,0],"2":[0,0],"3":[0,0],"4":[0,0],"5":[0,0],"6":[0,0],"7":[0,0],"8":[0,0],"9":[0,0],"10":[0,0],"11":[0,0],"12":[0,0],"13":[0,0],"14":[0,0],"15":[0,0],"16":[0,0],"17":[0,0],"18":[0,0,0,0,0,0,0,0,0],"19":[0,0],"20":[0,0],"21":[0,0],"22":[0,0],"23":[0,0,0],"24":[0,0],"25":[0,0],"26":[0,0],"27":[0,0],"28":[0,0],"29":[0,0],"30":[0,0],"31":[0,0],"32":[0,0],"33":[0,0],"34":[0,0],"35":[0,0],"36":[0,0],"37":[0,0],"38":[0,0],"39":[0,0],"40":[0,0],"41":[0,0],"42":[0,0],"43":[0,0],"44":[0,0],"45":[0,0],"46":[0,0]}}
[...]
d":{"line":26,"column":37}},"loc":{"start":{"line":26,"column":63},"end":{"line":71,"column":1}},"line":26},"1":{"name":"_aggregateTransactions","decl":{"start":{"line":84,"column":15},"end":{"line":84,"column":37}},"loc":{"start":{"line":84,"column":67},"end":{"line":135,"column":1}},"line":84},"2":{"name":"_aggregateAccounts","decl":{"start":{"line":144,"column":15},"end":{"line":144,"column":33}},"loc":{"start":{"line":144,"column":63},"end":{"line":189,"column":1}},"line":144},"3":{"name":"(anonymous_3)","decl":{"start":{"line":176,"column":4},"end":{"line":176,"column":5}},"loc":{"start":{"line":176,"column":18},"end":{"line":176,"column":47}},"line":176},"4":{"name":"(anonymous_4)","decl":{"start":{"line":182,"column":24},"end":{"line":182,"column":25}},"loc":{"start":{"line":182,"column":34},"end":{"line":186,"column":5}},"line":182},"5":{"name":"_aggregateInvoices","decl":{"start":{"line":198,"column":15},"end":{"line":198,"column":33}},"loc":{"start":{"line":198,"column":63},"end":{"line":254,"column":1}},"line":198},"6":{"name":"(anonymous_6)","decl":{"start":{"line":250,"column":42},"end":{"line":250,"column":43}},"loc":{"start":{"line":250,"column":54},"end":{"line":250,"column":75}},"line":250}},"branchMap":{"0":{"loc":{"start":{"line":26,"column":46},"end":{"line":26,"column":61}},"type":"default-arg","locations":[{"start":{"line":26,"column":56},"end":{"line":26,"column":61}}],"line":26},"1":{"loc":{"start":{"line":28,"column":2},"end":{"line":30,"column":3}},"type":"if","locations":[{"start":{"line":28,"column":2},"end":{"line":30,"column":3}},{"start":{},"end":{}}],"line":28},"2":{"loc":{"start":{"line":33,"column":2},"end":{"line":37,"column":3}},"type":"if","locations":[{"start":{"line":33,"column":2},"end":{"line":37,"column":3}},{"start":{},"end":{}}],"line":33},"3":{"loc":{"start":{"line":50,"column":4},"end":{"line":50,"column":69}},"type":"cond-expr","locations":[{"start":{"line":50,"column":34},"end":{"line":50,"column":64}},{"start":{"line":50,"column":67},"end":{"line":50,"column":69}}],"line":50},"4":{"loc":{"start":{"line":67,"column":7},"end":{"line":67,"column":42}},"type":"binary-expr","locations":[{"start":{"line":67,"column":7},"end":{"line":67,"column":37}},{"start":{"line":67,"column":41},"end":{"line":67,"column":42}}],"line":67},"5":{"loc":{"start":{"line":68,"column":7},"end":{"line":68,"column":44}},"type":"binary-expr","locations":[{"start":{"line":68,"column":7},"end":{"line":68,"column":39}},{"start":{"line":68,"column":43},"end":{"line":68,"column":44}}],"line":68},"6":{"loc":{"start":{"line":114,"column":4},"end":{"line":120,"column":5}},"type":"if","locations":[{"start":{"line":114,"column":4},"end":{"line":120,"column":5}},{"start":{"line":117,"column":11},"end":{"line":120,"column":5}}],"line":114},"7":{"loc":{"start":{"line":117,"column":11},"end":{"line":120,"column":5}},"type":"if","locations":[{"start":{"line":117,"column":11},"end":{"line":120,"column":5}},{"start":{},"end":{}}],"line":117},"8":{"loc":{"start":{"line":176,"column":25},"end":{"line":176,"column":46}},"type":"binary-expr","locations":[{"start":{"line":176,"column":25},"end":{"line":176,"column":41}},{"start":{"line":176,"column":45},"end":{"line":176,"column":46}}],"line":176},"9":{"loc":{"start":{"line":241,"column":4},"end":{"line":241,"column":56}},"type":"if","locations":[{"start":{"line":241,"column":4},"end":{"line":241,"column":56}},{"start":{},"end":{}}],"line":241},"10":{"loc":{"start":{"line":242,"column":4},"end":{"line":243,"column":42}},"type":"if","locations":[{"start":{"line":242,"column":4},"end":{"line":243,"column":42}},{"start":{},"end":{}}],"line":242},"11":{"loc":{"start":{"line":250,"column":59},"end":{"line":250,"column":74}},"type":"binary-expr","locations":[{"start":{"line":250,"column":59},"end":{"line":250,"column":69}},{"start":{"line":250,"column":73},"end":{"line":250,"column":74}}],"line":250}},"s":{"0":0,"1":0,"2":0,"3":0,"4":0,"5":0,"6":0,"7":0,"8":0,"9":0,"10":0,"11":0,"12":0,"13":0,"14":0,"15":0,"16":0,"17":0,"18":0,"19":0,"20":0,"21":0,"22":0,"23":0,"24":0,"25":0,"26":0,"27":0,"28":0,"29":0,"30":0,"31":0,"32":0,"33":0,"34":0,"35":0,"36":0,"37":0,"38":0,"39":0,"40":0,"41":0,"42":0,"43":0,"44":0,"45":0,"46":0,"47":0,"48":0,"49":0,"50":0},"f":{"0":0,"1":0,"2":0,"3":0,"4":0,"5":0,"6":0},"b":{"0":[0],"1":[0,0],"2":[0,0],"3":[0,0],"4":[0,0],"5":[0,0],"6":[0,0],"7":[0,0],"8":[0,0],"9":[0,0],"10":[0,0],"11":[0,0]}}
,"/Users/bigdaddy/Desktop/rex/server/services/freshBooksApi.js": {"path":"/Users/bigdaddy/Desktop/rex/server/services/freshBooksApi.js","statementMap":{"0":{"start":{"line":7,"column":14},"end":{"line":7,"column":30}},"1":{"start":{"line":8,"column":0},"end":{"line":8,"column":27}},"2":{"start":{"line":11,"column":28},"end":{"line":11,"column":56}},"3":{"start":{"line":19,"column":20},"end":{"line":19,"column":53}},"4":{"start":{"line":20,"column":2},"end":{"line":22,"column":3}},"5":{"start":{"line":21,"column":4},"end":{"line":21,"column":89}},"6":{"start":{"line":23,"column":2},"end":{"line":23,"column":19}},"7":{"start":{"line":32,"column":16},"end":{"line":32,"column":51}},"8":{"start":{"line":33,"column":2},"end":{"line":35,"column":3}},"9":{"start":{"line":34,"column":4},"end":{"line":34,"column":91}},"10":{"start":{"line":36,"column":2},"end":{"line":36,"column":15}},"11":{"start":{"line":45,"column":2},"end":{"line":112,"column":5}},"12":{"start":{"line":46,"column":24},"end":{"line":46,"column":40}},"13":{"start":{"line":47,"column":16},"end":{"line":47,"column":47}},"14":{"start":{"line":49,"column":20},"end":{"line":56,"column":5}},"15":{"start":{"line":58,"column":16},"end":{"line":99,"column":6}},"16":{"start":{"line":59,"column":17},"end":{"line":59,"column":19}},"17":{"start":{"line":61,"column":6},"end":{"line":63,"column":9}},"18":{"start":{"line":62,"column":8},"end":{"line":62,"column":22}},"19":{"start":{"line":65,"column":6},"end":{"line":98,"column":9}},"20":{"start":{"line":66,"column":8},"end":{"line":97,"column":9}},"21":{"start":{"line":67,"column":25},"end":{"line":67,"column":41}},"22":{"start":{"line":70,"column":10},"end":{"line":72,"column":11}},"23":{"start":{"line":71,"column":12},"end":{"line":71,"column":99}},"24":{"start":{"line":74,"column":10},"end":{"line":76,"column":11}},"25":{"start":{"line":75,"column":12},"end":{"line":75,"column":98}},"26":{"start":{"line":78,"column":10},"end":{"line":80,"column":11}},"27":{"start":{"line":79,"column":12},"end":{"line":79,"column":79}},"28":{"start":{"line":82,"column":10},"end":{"line":84,"column":11}},"29":{"start":{"line":83,"column":12},"end":{"line":83,"column":100}},"30":{"start":{"line":86,"column":10},"end":{"line":88,"column":11}},"31":{"start":{"line":87,"column":12},"end":{"line":87,"column":109}},"32":{"start":{"line":90,"column":10},"end":{"line":92,"column":11}},"33":{"start":{"line":91,"column":12},"end":{"line":91,"column":99}},"34":{"start":{"line":94,"column":10},"end":{"line":94,"column":26}},"35":{"start":{"line":96,"column":10},"end":{"line":96,"column":94}},"36":{"start":{"line":101,"column":4},"end":{"line":103,"column":7}},"37":{"start":{"line":102,"column":6},"end":{"line":102,"column":96}},"38":{"start":{"line":106,"column":4},"end":{"line":109,"column":7}},"39":{"start":{"line":107,"column":6},"end":{"line":107,"column":20}},"40":{"start":{"line":108,"column":6},"end":{"line":108,"column":78}},"41":{"start":{"line":111,"column":4},"end":{"line":111,"column":14}},"42":{"start":{"line":122,"column":2},"end":{"line":146,"column":4}},"43":{"start":{"line":139,"column":71},"end":{"line":145,"column":5}},"44":{"start":{"line":160,"column":20},"end":{"line":160,"column":34}},"45":{"start":{"line":161,"column":15},"end":{"line":161,"column":67}},"46":{"start":{"line":163,"column":19},"end":{"line":163,"column":45}},"47":{"start":{"line":166,"column":2},"end":{"line":168,"column":3}},"48":{"start":{"line":167,"column":4},"end":{"line":167,"column":94}},"49":{"start":{"line":170,"column":17},"end":{"line":170,"column":41}},"50":{"start":{"line":172,"column":2},"end":{"line":181,"column":3}},"51":{"start":{"line":174,"column":4},"end":{"line":180,"column":6}},"52":{"start":{"line":183,"column":29},"end":{"line":183,"column":66}},"53":{"start":{"line":185,"column":2},"end":{"line":191,"column":4}},"54":{"start":{"line":194,"column":0},"end":{"line":199,"column":2}}},"fnMap":{"0":{"name":"getAccountId","decl":{"start":{"line":18,"column":9},"end":{"line":18,"column":21}},"loc":{"start":{"line":18,"column":24},"end":{"line":24,"column":1}},"line":18},"1":{"name":"getAccessToken","decl":{"start":{"line":31,"column":9},"end":{"line":31,"column":23}},"loc":{"start":{"line":31,"column":26},"end":{"line":37,"column":1}},"line":31},"2":{"name":"makeApiRequest","decl":{"start":{"line":44,"column":9},"end":{"line":44,"column":23}},"loc":{"start":{"line":44,"column":30},"end":{"line":113,"column":1}},"line":44},"3":{"name":"(anonymous_3)","decl":{"start":{"line":45,"column":21},"end":{"line":45,"column":22}},"loc":{"start":{"line":45,"column":42},"end":{"line":112,"column":3}},"line":45},"4":{"name":"(anonymous_4)","decl":{"start":{"line":58,"column":44},"end":{"line":58,"column":45}},"loc":{"start":{"line":58,"column":53},"end":{"line":99,"column":5}},"line":58},"5":{"name":"(anonymous_5)","decl":{"start":{"line":61,"column":21},"end":{"line":61,"column":22}},"loc":{"start":{"line":61,"column":32},"end":{"line":63,"column":7}},"line":61},"6":{"name":"(anonymous_6)","decl":{"start":{"line":65,"column":20},"end":{"line":65,"column":21}},"loc":{"start":{"line":65,"column":26},"end":{"line":98,"column":7}},"line":65},"7":{"name":"(anonymous_7)","decl":{"start":{"line":101,"column":20},"end":{"line":101,"column":21}},"loc":{"start":{"line":101,"column":38},"end":{"line":103,"column":5}},"line":101},"8":{"name":"(anonymous_8)","decl":{"start":{"line":106,"column":26},"end":{"line":106,"column":27}},"loc":{"start":{"line":106,"column":32},"end":{"line":109,"column":5}},"line":106},"9":{"name":"normalizeInvoice","decl":{"start":{"line":121,"column":9},"end":{"line":121,"column":25}},"loc":{"start":{"line":121,"column":35},"end":{"line":147,"column":1}},"line":121},"10":{"name":"(anonymous_10)","decl":{"start":{"line":139,"column":60},"end":{"line":139,"column":61}},"loc":{"start":{"line":139,"column":71},"end":{"line":145,"column":5}},"line":139},"11":{"name":"fetchInvoices","decl":{"start":{"line":159,"column":15},"end":{"line":159,"column":28}},"loc":{"start":{"line":159,"column":31},"end":{"line":192,"column":1}},"line":159}},"branchMap":{"0":{"loc":{"start":{"line":20,"column":2},"end":{"line":22,"column":3}},"type":"if","locations":[{"start":{"line":20,"column":2},"end":{"line":22,"column":3}},{"start":{},"end":{}}],"line":20},"1":{"loc":{"start":{"line":33,"column":2},"end":{"line":35,"column":3}},"type":"if","locations":[{"start":{"line":33,"column":2},"end":{"line":35,"column":3}},{"start":{},"end":{}}],"line":33},"2":{"loc":{"start":{"line":70,"column":10},"end":{"line":72,"column":11}},"type":"if","locations":[{"start":{"line":70,"column":10},"end":{"line":72,"column":11}},{"start":{},"end":{}}],"line":70},"3":{"loc":{"start":{"line":74,"column":10},"end":{"line":76,"column":11}},"type":"if","locations":[{"start":{"line":74,"column":10},"end":{"line":76,"column":11}},{"start":{},"end":{}}],"line":74},"4":{"loc":{"start":{"line":78,"column":10},"end":{"line":80,"column":11}},"type":"if","locations":[{"start":{"line":78,"column":10},"end":{"line":80,"column":11}},{"start":{},"end":{}}],"line":78},"5":{"loc":{"start":{"line":82,"column":10},"end":{"line":84,"column":11}},"type":"if","locations":[{"start":{"line":82,"column":10},"end":{"line":84,"column":11}},{"start":{},"end":{}}],"line":82},"6":{"loc":{"start":{"line":86,"column":10},"end":{"line":88,"column":11}},"type":"if","locations":[{"start":{"line":86,"column":10},"end":{"line":88,"column":11}},{"start":{},"end":{}}],"line":86},"7":{"loc":{"start":{"line":90,"column":10},"end":{"line":92,"column":11}},"type":"if","locations":[{"start":{"line":90,"column":10},"end":{"line":92,"column":11}},{"start":{},"end":{}}],"line":90},"8":{"loc":{"start":{"line":90,"column":14},"end":{"line":90,"column":59}},"type":"binary-expr","locations":[{"start":{"line":90,"column":14},"end":{"line":90,"column":34}},{"start":{"line":90,"column":38},"end":{"line":90,"column":59}}],"line":90},"9":{"loc":{"start":{"line":123,"column":8},"end":{"line":123,"column":39}},"type":"binary-expr","locations":[{"start":{"line":123,"column":8},"end":{"line":123,"column":18}},{"start":{"line":123,"column":22},"end":{"line":123,"column":39}}],"line":123},"10":{"loc":{"start":{"line":124,"column":19},"end":{"line":124,"column":65}},"type":"binary-expr","locations":[{"start":{"line":124,"column":19},"end":{"line":124,"column":41}},{"start":{"line":124,"column":45},"end":{"line":124,"column":59}},{"start":{"line":124,"column":63},"end":{"line":124,"column":65}}],"line":124},"11":{"loc":{"start":{"line":125,"column":12},"end":{"line":125,"column":60}},"type":"binary-expr","locations":[{"start":{"line":125,"column":12},"end":{"line":125,"column":29}},{"start":{"line":125,"column":33},"end":{"line":125,"column":47}},{"start":{"line":125,"column":51},"end":{"line":125,"column":60}}],"line":125},"12":{"loc":{"start":{"line":126,"column":14},"end":{"line":126,"column":61}},"type":"binary-expr","locations":[{"start":{"line":126,"column":14},"end":{"line":126,"column":32}},{"start":{"line":126,"column":36},"end":{"line":126,"column":53}},{"start":{"line":126,"column":57},"end":{"line":126,"column":61}}],"line":126},"13":{"loc":{"start":{"line":127,"column":16},"end":{"line":127,"column":87}},"type":"binary-expr","locations":[{"start":{"line":127,"column":16},"end":{"line":127,"column":44}},{"start":{"line":127,"column":48},"end":{"line":127,"column":67}},{"start":{"line":127,"column":71},"end":{"line":127,"column":87}}],"line":127},"14":{"loc":{"start":{"line":129,"column":13},"end":{"line":129,"column":60}},"type":"cond-expr","locations":[{"start":{"line":129,"column":30},"end":{"line":129,"column":51}},{"start":{"line":129,"column":54},"end":{"line":129,"column":60}}],"line":129},"15":{"loc":{"start":{"line":130,"column":16},"end":{"line":130,"column":60}},"type":"cond-expr","locations":[{"start":{"line":130,"column":33},"end":{"line":130,"column":52}},{"start":{"line":130,"column":55},"end":{"line":130,"column":60}}],"line":130},"16":{"loc":{"start":{"line":133,"column":13},"end":{"line":133,"column":70}},"type":"cond-expr","locations":[{"start":{"line":133,"column":35},"end":{"line":133,"column":61}},{"start":{"line":133,"column":64},"end":{"line":133,"column":70}}],"line":133},"17":{"loc":{"start":{"line":134,"column":16},"end":{"line":134,"column":70}},"type":"cond-expr","locations":[{"start":{"line":134,"column":38},"end":{"line":134,"column":62}},{"start":{"line":134,"column":65},"end":{"line":134,"column":70}}],"line":134},"18":{"loc":{"start":{"line":136,"column":15},"end":{"line":136,"column":64}},"type":"binary-expr","locations":[{"start":{"line":136,"column":15},"end":{"line":136,"column":34}},{"start":{"line":136,"column":38},"end":{"line":136,"column":56}},{"start":{"line":136,"column":60},"end":{"line":136,"column":64}}],"line":136},"19":{"loc":{"start":{"line":137,"column":13},"end":{"line":137,"column":37}},"type":"binary-expr","locations":[{"start":{"line":137,"column":13},"end":{"line":137,"column":29}},{"start":{"line":137,"column":33},"end":{"line":137,"column":37}}],"line":137},"20":{"loc":{"start":{"line":138,"column":17},"end":{"line":138,"column":42}},"type":"binary-expr","locations":[{"start":{"line":138,"column":17},"end":{"line":138,"column":36}},{"start":{"line":138,"column":40},"end":{"line":138,"column":42}}],"line":138},"21":{"loc":{"start":{"line":139,"column":11},"end":{"line":145,"column":12}},"type":"cond-expr","locations":[{"start":{"line":139,"column":42},"end":{"line":145,"column":7}},{"start":{"line":145,"column":10},"end":{"line":145,"column":12}}],"line":139},"22":{"loc":{"start":{"line":141,"column":19},"end":{"line":141,"column":41}},"type":"binary-expr","locations":[{"start":{"line":141,"column":19},"end":{"line":141,"column":35}},{"start":{"line":141,"column":39},"end":{"line":141,"column":41}}],"line":141},"23":{"loc":{"start":{"line":142,"column":16},"end":{"line":142,"column":29}},"type":"binary-expr","locations":[{"start":{"line":142,"column":16},"end":{"line":142,"column":24}},{"start":{"line":142,"column":28},"end":{"line":142,"column":29}}],"line":142},"24":{"loc":{"start":{"line":143,"column":16},"end":{"line":143,"column":63}},"type":"cond-expr","locations":[{"start":{"line":143,"column":33},"end":{"line":143,"column":54}},{"start":{"line":143,"column":57},"end":{"line":143,"column":63}}],"line":143},"25":{"loc":{"start":{"line":144,"column":14},"end":{"line":144,"column":55}},"type":"cond-expr","locations":[{"start":{"line":144,"column":28},"end":{"line":144,"column":46}},{"start":{"line":144,"column":49},"end":{"line":144,"column":55}}],"line":144},"26":{"loc":{"start":{"line":166,"column":2},"end":{"line":168,"column":3}},"type":"if","locations":[{"start":{"line":166,"column":2},"end":{"line":168,"column":3}},{"start":{},"end":{}}],"line":166},"27":{"loc":{"start":{"line":166,"column":6},"end":{"line":166,"column":37}},"type":"binary-expr","locations":[{"start":{"line":166,"column":6},"end":{"line":166,"column":15}},{"start":{"line":166,"column":19},"end":{"line":166,"column":37}}],"line":166},"28":{"loc":{"start":{"line":172,"column":2},"end":{"line":181,"column":3}},"type":"if","locations":[{"start":{"line":172,"column":2},"end":{"line":181,"column":3}},{"start":{},"end":{}}],"line":172},"29":{"loc":{"start":{"line":172,"column":6},"end":{"line":172,"column":33}},"type":"binary-expr","locations":[{"start":{"line":172,"column":6},"end":{"line":172,"column":13}},{"start":{"line":172,"column":17},"end":{"line":172,"column":33}}],"line":172},"30":{"loc":{"start":{"line":187,"column":11},"end":{"line":187,"column":52}},"type":"binary-expr","locations":[{"start":{"line":187,"column":11},"end":{"line":187,"column":23}},{"start":{"line":187,"column":27},"end":{"line":187,"column":52}}],"line":187},"31":{"loc":{"start":{"line":188,"column":11},"end":{"line":188,"column":28}},"type":"binary-expr","locations":[{"start":{"line":188,"column":11},"end":{"line":188,"column":23}},{"start":{"line":188,"column":27},"end":{"line":188,"column":28}}],"line":188},"32":{"loc":{"start":{"line":189,"column":13},"end":{"line":189,"column":57}},"type":"binary-expr","locations":[{"start":{"line":189,"column":13},"end":{"line":189,"column":28}},{"start":{"line":189,"column":32},"end":{"line":189,"column":57}}],"line":189},"33":{"loc":{"start":{"line":190,"column":10},"end":{"line":190,"column":26}},"type":"binary-expr","locations":[{"start":{"line":190,"column":10},"end":{"line":190,"column":21}},{"start":{"line":190,"column":25},"end":{"line":190,"column":26}}],"line":190}},"s":{"0":1,"1":1,"2":1,"3":13,"4":13,"5":1,"6":12,"7":12,"8":12,"9":1,"10":11,"11":12,"12":12,"13":11,"14":11,"15":11,"16":9,"17":9,"18":9,"19":9,"20":9,"21":9,"22":8,"23":1,"24":7,"25":1,"26":6,"27":1,"28":5,"29":1,"30":4,"31":1,"32":3,"33":0,"34":3,"35":1,"36":11,"37":1,"38":11,"39":1,"40":1,"41":11,"42":5,"43":2,"44":13,"45":12,"46":12,"47":3,"48":1,"49":2,"50":2,"51":1,"52":1,"53":1,"54":1},"f":{"0":13,"1":12,"2":12,"3":12,"4":9,"5":9,"6":9,"7":1,"8":1,"9":5,"10":2,"11":13},"b":{"0":[1,12],"1":[1,11],"2":[1,7],"3":[1,6],"4":[1,5],"5":[1,4],"6":[1,3],"7":[0,3],"8":[3,3],"9":[5,1],"10":[5,2,2],"11":[5,2,2],"12":[5,2,2],"13":[5,2,2],"14":[3,2],"15":[3,2],"16":[3,2],"17":[3,2],"18":[5,2,2],"19":[5,2],"20":[5,2],"21":[3,2],"22":[2,0],"23":[2,0],"24":[2,0],"25":[2,0],"26":[1,2],"27":[3,3],"28":[1,1],"29":[2,2],"30":[1,0],"31":[1,0],"32":[1,0],"33":[1,0]},"_coverageSchema":"1a1c01bbd47fc00a2c39e90264f33305004495a9","hash":"a22e0f7d3d6e75416691f29dd28394fd3c2a9bd7"}
}
