TN:
SF:config/authConfig.js
FNF:0
FNH:0
DA:16,0
DA:18,0
DA:67,0
LF:3
LH:0
BRDA:24,0,0,0
BRDA:24,0,1,0
BRF:2
BRH:0
end_of_record
TN:
SF:config/db.js
FNF:0
FNH:0
DA:1,0
DA:2,0
DA:3,0
DA:8,0
DA:12,0
DA:13,0
DA:14,0
DA:23,0
DA:24,0
DA:30,0
DA:32,0
DA:34,0
DA:36,0
DA:37,0
DA:40,0
LF:15
LH:0
BRDA:8,0,0,0
BRDA:8,0,1,0
BRDA:13,1,0,0
BRDA:13,1,1,0
BRDA:26,2,0,0
BRDA:26,2,1,0
BRF:6
BRH:0
end_of_record
TN:
SF:server/app.js
FN:15,(anonymous_0)
FN:21,(anonymous_1)
FNF:2
FNH:0
FNDA:0,(anonymous_0)
FNDA:0,(anonymous_1)
DA:1,0
DA:2,0
DA:3,0
DA:5,0
DA:8,0
DA:9,0
DA:12,0
DA:15,0
DA:16,0
DA:21,0
DA:22,0
DA:23,0
DA:24,0
DA:29,0
LF:14
LH:0
BRDA:23,0,0,0
BRDA:23,0,1,0
BRDA:23,0,2,0
BRDA:25,1,0,0
BRDA:25,1,1,0
BRF:5
BRH:0
end_of_record
TN:
SF:server/controllers/financeController.js
FN:10,(anonymous_0)
FN:56,cleanupFile
FN:58,(anonymous_2)
FNF:3
FNH:0
FNDA:0,(anonymous_0)
FNDA:0,cleanupFile
FNDA:0,(anonymous_2)
DA:1,0
DA:2,0
DA:3,0
DA:10,0
DA:12,0
DA:13,0
DA:16,0
DA:18,0
DA:20,0
DA:22,0
DA:24,0
DA:25,0
DA:32,0
DA:35,0
DA:37,0
DA:44,0
DA:47,0
DA:48,0
DA:57,0
DA:58,0
DA:59,0
DA:60,0
LF:22
LH:0
BRDA:12,0,0,0
BRDA:12,0,1,0
BRDA:22,1,0,0
BRDA:22,1,1,0
BRDA:47,2,0,0
BRDA:47,2,1,0
BRDA:57,3,0,0
BRDA:57,3,1,0
BRDA:59,4,0,0
BRDA:59,4,1,0
BRDA:59,5,0,0
BRDA:59,5,1,0
BRF:12
BRH:0
end_of_record
TN:
SF:server/middleware/authMiddleware.js
FN:15,authenticateUser
FN:56,(anonymous_1)
FNF:2
FNH:2
FNDA:4,authenticateUser
FNDA:3,(anonymous_1)
DA:3,1
DA:4,1
DA:16,4
DA:18,4
DA:19,0
DA:22,4
DA:24,4
DA:25,1
DA:26,1
DA:33,3
DA:34,3
DA:35,3
DA:37,3
DA:38,0
DA:44,3
DA:45,3
DA:47,3
DA:48,0
DA:55,3
DA:56,3
DA:59,3
DA:60,1
DA:67,2
DA:69,2
DA:70,1
DA:77,1
DA:83,1
DA:85,0
DA:86,0
DA:93,1
LF:30
LH:25
BRDA:18,0,0,0
BRDA:18,0,1,4
BRDA:18,1,0,4
BRDA:18,1,1,4
BRDA:24,2,0,1
BRDA:24,2,1,3
BRDA:24,3,0,4
BRDA:24,3,1,3
BRDA:37,4,0,0
BRDA:37,4,1,3
BRDA:47,5,0,0
BRDA:47,5,1,3
BRDA:47,6,0,3
BRDA:47,6,1,3
BRDA:59,7,0,1
BRDA:59,7,1,2
BRDA:69,8,0,1
BRDA:69,8,1,1
BRF:18
BRH:15
end_of_record
TN:
SF:server/middleware/errorHandlingMiddleware.js
FN:17,notFoundHandler
FN:34,globalErrorHandler
FN:50,(anonymous_2)
FNF:3
FNH:0
FNDA:0,notFoundHandler
FNDA:0,globalErrorHandler
FNDA:0,(anonymous_2)
DA:18,0
DA:36,0
DA:44,0
DA:47,0
DA:49,0
DA:50,0
DA:51,0
DA:58,0
DA:60,0
DA:61,0
DA:67,0
DA:69,0
DA:70,0
DA:71,0
DA:77,0
DA:79,0
DA:80,0
DA:89,0
DA:93,0
DA:101,0
LF:20
LH:0
BRDA:38,0,0,0
BRDA:38,0,1,0
BRDA:44,1,0,0
BRDA:44,1,1,0
BRDA:44,1,2,0
BRDA:47,2,0,0
BRDA:47,2,1,0
BRDA:50,3,0,0
BRDA:50,3,1,0
BRDA:58,4,0,0
BRDA:58,4,1,0
BRDA:67,5,0,0
BRDA:67,5,1,0
BRDA:70,6,0,0
BRDA:70,6,1,0
BRDA:70,7,0,0
BRDA:70,7,1,0
BRDA:77,8,0,0
BRDA:77,8,1,0
BRDA:77,9,0,0
BRDA:77,9,1,0
BRDA:89,10,0,0
BRDA:89,10,1,0
BRDA:89,11,0,0
BRDA:89,11,1,0
BRDA:91,12,0,0
BRDA:91,12,1,0
BRDA:97,13,0,0
BRDA:97,13,1,0
BRF:29
BRH:0
end_of_record
TN:
SF:server/middleware/sessionMiddleware.js
FN:14,initializeSession
FN:26,(anonymous_1)
FNF:2
FNH:0
FNDA:0,initializeSession
FNDA:0,(anonymous_1)
DA:3,0
DA:4,0
DA:5,0
DA:6,0
DA:16,0
DA:18,0
DA:26,0
DA:27,0
DA:30,0
DA:48,0
DA:51,0
LF:11
LH:0
BRF:0
BRH:0
end_of_record
TN:
SF:server/models/FinancialRecord.js
FN:173,(anonymous_0)
FN:184,(anonymous_1)
FN:197,(anonymous_2)
FN:216,(anonymous_3)
FN:240,(anonymous_4)
FN:256,(anonymous_5)
FNF:6
FNH:0
FNDA:0,(anonymous_0)
FNDA:0,(anonymous_1)
FNDA:0,(anonymous_2)
FNDA:0,(anonymous_3)
FNDA:0,(anonymous_4)
FNDA:0,(anonymous_5)
DA:9,0
DA:10,0
DA:17,0
DA:19,0
DA:20,0
DA:28,0
DA:36,0
DA:161,0
DA:162,0
DA:163,0
DA:170,0
DA:173,0
DA:184,0
DA:185,0
DA:186,0
DA:197,0
DA:198,0
DA:199,0
DA:200,0
DA:201,0
DA:216,0
DA:222,0
DA:228,0
DA:229,0
DA:232,0
DA:240,0
DA:241,0
DA:256,0
DA:257,0
DA:259,0
DA:261,0
DA:264,0
DA:266,0
LF:33
LH:0
BRDA:19,0,0,0
BRDA:19,0,1,0
BRDA:19,1,0,0
BRDA:19,1,1,0
BRDA:28,2,0,0
BRDA:28,2,1,0
BRDA:185,3,0,0
BRDA:185,3,1,0
BRDA:185,4,0,0
BRDA:185,4,1,0
BRDA:186,5,0,0
BRDA:186,5,1,0
BRDA:228,6,0,0
BRDA:228,6,1,0
BRDA:257,7,0,0
BRDA:257,7,1,0
BRDA:257,8,0,0
BRDA:257,8,1,0
BRF:18
BRH:0
end_of_record
TN:
SF:server/models/Transaction.js
FN:20,initTable
FN:49,create
FN:79,bulkCreate
FN:93,(anonymous_3)
FN:117,(anonymous_4)
FN:126,findById
FN:135,findAll
FN:145,deleteAll
FNF:8
FNH:0
FNDA:0,initTable
FNDA:0,create
FNDA:0,bulkCreate
FNDA:0,(anonymous_3)
FNDA:0,(anonymous_4)
FNDA:0,findById
FNDA:0,findAll
FNDA:0,deleteAll
DA:1,0
DA:21,0
DA:32,0
DA:33,0
DA:35,0
DA:36,0
DA:41,0
DA:50,0
DA:52,0
DA:53,0
DA:55,0
DA:56,0
DA:58,0
DA:59,0
DA:62,0
DA:67,0
DA:69,0
DA:80,0
DA:81,0
DA:83,0
DA:84,0
DA:87,0
DA:93,0
DA:94,0
DA:95,0
DA:96,0
DA:98,0
DA:99,0
DA:101,0
DA:102,0
DA:104,0
DA:105,0
DA:108,0
DA:109,0
DA:111,0
DA:114,0
DA:117,0
DA:127,0
DA:136,0
DA:146,0
DA:147,0
DA:150,0
LF:42
LH:0
BRDA:50,0,0,0
BRDA:52,1,0,0
BRDA:52,1,1,0
BRDA:52,2,0,0
BRDA:52,2,1,0
BRDA:55,3,0,0
BRDA:55,3,1,0
BRDA:55,4,0,0
BRDA:55,4,1,0
BRDA:58,5,0,0
BRDA:58,5,1,0
BRDA:58,6,0,0
BRDA:58,6,1,0
BRDA:80,7,0,0
BRDA:80,7,1,0
BRDA:83,8,0,0
BRDA:83,8,1,0
BRDA:96,9,0,0
BRDA:98,10,0,0
BRDA:98,10,1,0
BRDA:98,11,0,0
BRDA:98,11,1,0
BRDA:101,12,0,0
BRDA:101,12,1,0
BRDA:101,13,0,0
BRDA:101,13,1,0
BRDA:104,14,0,0
BRDA:104,14,1,0
BRDA:104,15,0,0
BRDA:104,15,1,0
BRF:30
BRH:0
end_of_record
TN:
SF:server/models/User.js
FN:22,(anonymous_0)
FN:35,(anonymous_1)
FN:49,(anonymous_2)
FN:64,(anonymous_3)
FN:66,(anonymous_4)
FN:76,(anonymous_5)
FN:78,(anonymous_6)
FN:88,(anonymous_7)
FN:89,(anonymous_8)
FN:99,(anonymous_9)
FNF:10
FNH:8
FNDA:5,(anonymous_0)
FNDA:1,(anonymous_1)
FNDA:2,(anonymous_2)
FNDA:5,(anonymous_3)
FNDA:5,(anonymous_4)
FNDA:2,(anonymous_5)
FNDA:2,(anonymous_6)
FNDA:0,(anonymous_7)
FNDA:0,(anonymous_8)
FNDA:2,(anonymous_9)
DA:3,1
DA:4,1
DA:23,5
DA:24,5
DA:25,5
DA:26,5
DA:36,1
DA:50,2
DA:51,2
DA:65,5
DA:66,5
DA:67,5
DA:77,2
DA:78,2
DA:79,2
DA:89,0
DA:100,2
DA:101,1
DA:103,1
DA:107,1
LF:20
LH:19
BRDA:50,0,0,0
BRDA:50,0,1,2
BRDA:65,1,0,0
BRDA:65,1,1,5
BRDA:67,2,0,4
BRDA:67,2,1,1
BRDA:77,3,0,0
BRDA:77,3,1,2
BRDA:77,4,0,2
BRDA:77,4,1,2
BRDA:79,5,0,1
BRDA:79,5,1,1
BRDA:100,6,0,1
BRDA:100,6,1,1
BRF:14
BRH:11
end_of_record
TN:
SF:server/routes/authRoutes.js
FN:15,(anonymous_0)
FN:29,(anonymous_1)
FN:51,(anonymous_2)
FN:68,(anonymous_3)
FN:101,(anonymous_4)
FN:109,(anonymous_5)
FN:131,(anonymous_6)
FNF:7
FNH:7
FNDA:6,(anonymous_0)
FNDA:5,(anonymous_1)
FNDA:4,(anonymous_2)
FNDA:4,(anonymous_3)
FNDA:2,(anonymous_4)
FNDA:1,(anonymous_5)
FNDA:4,(anonymous_6)
DA:3,1
DA:4,1
DA:5,1
DA:7,1
DA:15,1
DA:16,6
DA:17,6
DA:20,6
DA:21,1
DA:28,5
DA:29,5
DA:32,5
DA:34,0
DA:41,5
DA:43,5
DA:44,1
DA:51,4
DA:52,4
DA:53,0
DA:54,0
DA:61,4
DA:68,4
DA:69,4
DA:70,0
DA:71,0
DA:77,4
DA:88,0
DA:89,0
DA:101,1
DA:102,2
DA:104,1
DA:107,1
DA:109,1
DA:110,1
DA:111,0
DA:112,0
DA:119,1
DA:121,1
DA:122,1
DA:131,1
DA:132,4
DA:133,2
DA:135,2
DA:141,1
LF:44
LH:35
BRDA:20,0,0,1
BRDA:20,0,1,5
BRDA:20,1,0,6
BRDA:20,1,1,6
BRDA:32,2,0,0
BRDA:32,2,1,5
BRDA:43,3,0,1
BRDA:43,3,1,4
BRDA:52,4,0,0
BRDA:52,4,1,4
BRDA:69,5,0,0
BRDA:69,5,1,4
BRDA:102,6,0,1
BRDA:102,6,1,1
BRDA:102,7,0,2
BRDA:102,7,1,2
BRDA:110,8,0,0
BRDA:110,8,1,1
BRDA:132,9,0,2
BRDA:132,9,1,2
BRDA:132,10,0,4
BRDA:132,10,1,4
BRF:22
BRH:18
end_of_record
TN:
SF:server/routes/financeRoutes.js
FN:17,(anonymous_0)
FN:20,(anonymous_1)
FN:28,(anonymous_2)
FN:51,(anonymous_3)
FNF:4
FNH:0
FNDA:0,(anonymous_0)
FNDA:0,(anonymous_1)
FNDA:0,(anonymous_2)
FNDA:0,(anonymous_3)
DA:1,0
DA:2,0
DA:3,0
DA:4,0
DA:5,0
DA:7,0
DA:10,0
DA:11,0
DA:12,0
DA:16,0
DA:18,0
DA:22,0
DA:23,0
DA:28,0
DA:29,0
DA:30,0
DA:32,0
DA:33,0
DA:35,0
DA:39,0
DA:48,0
DA:51,0
DA:52,0
DA:53,0
DA:54,0
DA:56,0
DA:58,0
DA:59,0
DA:61,0
DA:64,0
LF:30
LH:0
BRDA:11,0,0,0
BRDA:11,0,1,0
BRDA:32,1,0,0
BRDA:32,1,1,0
BRDA:32,2,0,0
BRDA:32,2,1,0
BRDA:52,3,0,0
BRDA:52,3,1,0
BRDA:53,4,0,0
BRDA:53,4,1,0
BRDA:58,5,0,0
BRDA:58,5,1,0
BRDA:58,6,0,0
BRDA:58,6,1,0
BRF:14
BRH:0
end_of_record
TN:
SF:server/services/csvNormalizer.js
FN:68,normalizeHeader
FN:77,buildHeaderMap
FN:80,(anonymous_2)
FN:106,parseDate
FN:144,parseAmount
FN:173,normalizeRow
FN:250,validateRow
FN:280,normalizeCSV
FN:281,(anonymous_8)
FN:308,(anonymous_9)
FN:320,(anonymous_10)
FN:324,(anonymous_11)
FN:331,(anonymous_12)
FN:340,(anonymous_13)
FN:346,(anonymous_14)
FN:365,(anonymous_15)
FNF:16
FNH:0
FNDA:0,normalizeHeader
FNDA:0,buildHeaderMap
FNDA:0,(anonymous_2)
FNDA:0,parseDate
FNDA:0,parseAmount
FNDA:0,normalizeRow
FNDA:0,validateRow
FNDA:0,normalizeCSV
FNDA:0,(anonymous_8)
FNDA:0,(anonymous_9)
FNDA:0,(anonymous_10)
FNDA:0,(anonymous_11)
FNDA:0,(anonymous_12)
FNDA:0,(anonymous_13)
FNDA:0,(anonymous_14)
FNDA:0,(anonymous_15)
DA:9,0
DA:10,0
DA:11,0
DA:17,0
DA:69,0
DA:78,0
DA:80,0
DA:81,0
DA:84,0
DA:85,0
DA:86,0
DA:87,0
DA:92,0
DA:93,0
DA:97,0
DA:107,0
DA:109,0
DA:110,0
DA:113,0
DA:114,0
DA:115,0
DA:119,0
DA:120,0
DA:121,0
DA:122,0
DA:123,0
DA:127,0
DA:128,0
DA:129,0
DA:130,0
DA:131,0
DA:132,0
DA:135,0
DA:145,0
DA:146,0
DA:148,0
DA:149,0
DA:152,0
DA:155,0
DA:156,0
DA:157,0
DA:161,0
DA:163,0
DA:164,0
DA:174,0
DA:187,0
DA:190,0
DA:191,0
DA:193,0
DA:195,0
DA:196,0
DA:198,0
DA:199,0
DA:201,0
DA:202,0
DA:204,0
DA:205,0
DA:207,0
DA:208,0
DA:210,0
DA:211,0
DA:213,0
DA:214,0
DA:216,0
DA:217,0
DA:220,0
DA:221,0
DA:227,0
DA:228,0
DA:229,0
DA:231,0
DA:233,0
DA:234,0
DA:235,0
DA:236,0
DA:237,0
DA:241,0
DA:251,0
DA:253,0
DA:254,0
DA:257,0
DA:258,0
DA:261,0
DA:262,0
DA:265,0
DA:281,0
DA:283,0
DA:284,0
DA:287,0
DA:289,0
DA:290,0
DA:293,0
DA:294,0
DA:295,0
DA:298,0
DA:299,0
DA:300,0
DA:301,0
DA:302,0
DA:303,0
DA:305,0
DA:308,0
DA:309,0
DA:312,0
DA:320,0
DA:321,0
DA:324,0
DA:325,0
DA:326,0
DA:327,0
DA:331,0
DA:332,0
DA:333,0
DA:334,0
DA:337,0
DA:340,0
DA:341,0
DA:342,0
DA:345,0
DA:346,0
DA:347,0
DA:348,0
DA:351,0
DA:352,0
DA:355,0
DA:357,0
DA:358,0
DA:360,0
DA:361,0
DA:365,0
DA:366,0
DA:367,0
DA:370,0
DA:378,0
DA:382,0
LF:135
LH:0
BRDA:85,0,0,0
BRDA:85,0,1,0
BRDA:92,1,0,0
BRDA:92,1,1,0
BRDA:107,2,0,0
BRDA:107,2,1,0
BRDA:107,3,0,0
BRDA:107,3,1,0
BRDA:110,4,0,0
BRDA:110,4,1,0
BRDA:114,5,0,0
BRDA:114,5,1,0
BRDA:120,6,0,0
BRDA:120,6,1,0
BRDA:123,7,0,0
BRDA:123,7,1,0
BRDA:128,8,0,0
BRDA:128,8,1,0
BRDA:130,9,0,0
BRDA:130,9,1,0
BRDA:132,10,0,0
BRDA:132,10,1,0
BRDA:145,11,0,0
BRDA:145,11,1,0
BRDA:145,12,0,0
BRDA:145,12,1,0
BRDA:146,13,0,0
BRDA:146,13,1,0
BRDA:149,14,0,0
BRDA:149,14,1,0
BRDA:155,15,0,0
BRDA:155,15,1,0
BRDA:156,16,0,0
BRDA:156,16,1,0
BRDA:164,17,0,0
BRDA:164,17,1,0
BRDA:193,18,0,0
BRDA:193,18,1,0
BRDA:193,18,2,0
BRDA:193,18,3,0
BRDA:193,18,4,0
BRDA:193,18,5,0
BRDA:193,18,6,0
BRDA:193,18,7,0
BRDA:193,18,8,0
BRDA:198,19,0,0
BRDA:198,19,1,0
BRDA:213,20,0,0
BRDA:213,20,1,0
BRDA:216,21,0,0
BRDA:216,21,1,0
BRDA:220,22,0,0
BRDA:220,22,1,0
BRDA:220,23,0,0
BRDA:220,23,1,0
BRDA:220,23,2,0
BRDA:227,24,0,0
BRDA:227,24,1,0
BRDA:231,25,0,0
BRDA:231,25,1,0
BRDA:231,26,0,0
BRDA:231,26,1,0
BRDA:233,27,0,0
BRDA:233,27,1,0
BRDA:233,28,0,0
BRDA:233,28,1,0
BRDA:234,29,0,0
BRDA:234,29,1,0
BRDA:236,30,0,0
BRDA:236,30,1,0
BRDA:253,31,0,0
BRDA:253,31,1,0
BRDA:257,32,0,0
BRDA:257,32,1,0
BRDA:261,33,0,0
BRDA:261,33,1,0
BRDA:266,34,0,0
BRDA:266,34,1,0
BRDA:283,35,0,0
BRDA:283,35,1,0
BRDA:283,36,0,0
BRDA:283,36,1,0
BRDA:289,37,0,0
BRDA:289,37,1,0
BRDA:294,38,0,0
BRDA:294,38,1,0
BRDA:325,39,0,0
BRDA:325,39,1,0
BRDA:325,40,0,0
BRDA:325,40,1,0
BRDA:331,41,0,0
BRDA:331,41,1,0
BRDA:332,42,0,0
BRDA:332,42,1,0
BRDA:346,43,0,0
BRDA:346,43,1,0
BRDA:346,44,0,0
BRDA:346,44,1,0
BRDA:357,45,0,0
BRDA:357,45,1,0
BRDA:366,46,0,0
BRDA:366,46,1,0
BRF:102
BRH:0
end_of_record
TN:
SF:server/services/csvNormalizer.test.js
FN:25,writeTempCSV
FN:31,cleanupFile
FN:40,(anonymous_2)
FN:41,(anonymous_3)
FN:46,(anonymous_4)
FN:50,(anonymous_5)
FN:58,(anonymous_6)
FN:59,(anonymous_7)
FN:68,(anonymous_8)
FN:77,(anonymous_9)
FN:84,(anonymous_10)
FN:93,(anonymous_11)
FN:94,(anonymous_12)
FN:102,(anonymous_13)
FN:108,(anonymous_14)
FN:113,(anonymous_15)
FN:118,(anonymous_16)
FN:124,(anonymous_17)
FN:128,(anonymous_18)
FN:132,(anonymous_19)
FN:136,(anonymous_20)
FN:144,(anonymous_21)
FN:145,(anonymous_22)
FN:149,(anonymous_23)
FN:153,(anonymous_24)
FN:157,(anonymous_25)
FN:161,(anonymous_26)
FN:165,(anonymous_27)
FN:169,(anonymous_28)
FN:173,(anonymous_29)
FN:177,(anonymous_30)
FN:181,(anonymous_31)
FN:185,(anonymous_32)
FN:189,(anonymous_33)
FN:197,(anonymous_34)
FN:205,(anonymous_35)
FN:220,(anonymous_36)
FN:237,(anonymous_37)
FN:254,(anonymous_38)
FN:264,(anonymous_39)
FN:265,(anonymous_40)
FN:276,(anonymous_41)
FN:280,(anonymous_42)
FN:283,(anonymous_43)
FN:287,(anonymous_44)
FN:290,(anonymous_45)
FN:294,(anonymous_46)
FN:301,(anonymous_47)
FN:304,(anonymous_48)
FN:310,(anonymous_49)
FN:328,(anonymous_50)
FN:344,(anonymous_51)
FN:359,(anonymous_52)
FN:375,(anonymous_53)
FN:389,(anonymous_54)
FN:397,(anonymous_55)
FN:401,(anonymous_56)
FN:405,(anonymous_57)
FN:419,(anonymous_58)
FN:434,(anonymous_59)
FN:442,(anonymous_60)
FNF:61
FNH:0
FNDA:0,writeTempCSV
FNDA:0,cleanupFile
FNDA:0,(anonymous_2)
FNDA:0,(anonymous_3)
FNDA:0,(anonymous_4)
FNDA:0,(anonymous_5)
FNDA:0,(anonymous_6)
FNDA:0,(anonymous_7)
FNDA:0,(anonymous_8)
FNDA:0,(anonymous_9)
FNDA:0,(anonymous_10)
FNDA:0,(anonymous_11)
FNDA:0,(anonymous_12)
FNDA:0,(anonymous_13)
FNDA:0,(anonymous_14)
FNDA:0,(anonymous_15)
FNDA:0,(anonymous_16)
FNDA:0,(anonymous_17)
FNDA:0,(anonymous_18)
FNDA:0,(anonymous_19)
FNDA:0,(anonymous_20)
FNDA:0,(anonymous_21)
FNDA:0,(anonymous_22)
FNDA:0,(anonymous_23)
FNDA:0,(anonymous_24)
FNDA:0,(anonymous_25)
FNDA:0,(anonymous_26)
FNDA:0,(anonymous_27)
FNDA:0,(anonymous_28)
FNDA:0,(anonymous_29)
FNDA:0,(anonymous_30)
FNDA:0,(anonymous_31)
FNDA:0,(anonymous_32)
FNDA:0,(anonymous_33)
FNDA:0,(anonymous_34)
FNDA:0,(anonymous_35)
FNDA:0,(anonymous_36)
FNDA:0,(anonymous_37)
FNDA:0,(anonymous_38)
FNDA:0,(anonymous_39)
FNDA:0,(anonymous_40)
FNDA:0,(anonymous_41)
FNDA:0,(anonymous_42)
FNDA:0,(anonymous_43)
FNDA:0,(anonymous_44)
FNDA:0,(anonymous_45)
FNDA:0,(anonymous_46)
FNDA:0,(anonymous_47)
FNDA:0,(anonymous_48)
FNDA:0,(anonymous_49)
FNDA:0,(anonymous_50)
FNDA:0,(anonymous_51)
FNDA:0,(anonymous_52)
FNDA:0,(anonymous_53)
FNDA:0,(anonymous_54)
FNDA:0,(anonymous_55)
FNDA:0,(anonymous_56)
FNDA:0,(anonymous_57)
FNDA:0,(anonymous_58)
FNDA:0,(anonymous_59)
FNDA:0,(anonymous_60)
DA:8,0
DA:9,0
DA:10,0
DA:20,0
DA:26,0
DA:27,0
DA:28,0
DA:32,0
DA:33,0
DA:40,0
DA:41,0
DA:42,0
DA:43,0
DA:46,0
DA:47,0
DA:50,0
DA:51,0
DA:58,0
DA:59,0
DA:60,0
DA:61,0
DA:62,0
DA:63,0
DA:64,0
DA:65,0
DA:68,0
DA:69,0
DA:70,0
DA:71,0
DA:72,0
DA:73,0
DA:74,0
DA:77,0
DA:78,0
DA:79,0
DA:80,0
DA:81,0
DA:84,0
DA:85,0
DA:86,0
DA:93,0
DA:94,0
DA:95,0
DA:96,0
DA:97,0
DA:98,0
DA:99,0
DA:102,0
DA:103,0
DA:104,0
DA:105,0
DA:108,0
DA:109,0
DA:110,0
DA:113,0
DA:114,0
DA:115,0
DA:118,0
DA:119,0
DA:120,0
DA:121,0
DA:124,0
DA:125,0
DA:128,0
DA:129,0
DA:132,0
DA:133,0
DA:136,0
DA:137,0
DA:144,0
DA:145,0
DA:146,0
DA:149,0
DA:150,0
DA:153,0
DA:154,0
DA:157,0
DA:158,0
DA:161,0
DA:162,0
DA:165,0
DA:166,0
DA:169,0
DA:170,0
DA:173,0
DA:174,0
DA:177,0
DA:178,0
DA:181,0
DA:182,0
DA:185,0
DA:186,0
DA:189,0
DA:190,0
DA:197,0
DA:198,0
DA:205,0
DA:206,0
DA:212,0
DA:213,0
DA:214,0
DA:215,0
DA:216,0
DA:217,0
DA:220,0
DA:221,0
DA:227,0
DA:233,0
DA:234,0
DA:237,0
DA:238,0
DA:244,0
DA:250,0
DA:251,0
DA:254,0
DA:255,0
DA:256,0
DA:257,0
DA:264,0
DA:265,0
DA:266,0
DA:271,0
DA:272,0
DA:273,0
DA:276,0
DA:277,0
DA:278,0
DA:279,0
DA:280,0
DA:283,0
DA:284,0
DA:285,0
DA:286,0
DA:287,0
DA:290,0
DA:291,0
DA:292,0
DA:293,0
DA:294,0
DA:301,0
DA:302,0
DA:304,0
DA:306,0
DA:307,0
DA:310,0
DA:311,0
DA:318,0
DA:319,0
DA:321,0
DA:322,0
DA:323,0
DA:324,0
DA:325,0
DA:328,0
DA:329,0
DA:335,0
DA:336,0
DA:338,0
DA:339,0
DA:340,0
DA:341,0
DA:344,0
DA:345,0
DA:351,0
DA:352,0
DA:354,0
DA:355,0
DA:356,0
DA:359,0
DA:360,0
DA:367,0
DA:368,0
DA:370,0
DA:371,0
DA:372,0
DA:375,0
DA:376,0
DA:382,0
DA:383,0
DA:385,0
DA:386,0
DA:389,0
DA:390,0
DA:391,0
DA:392,0
DA:394,0
DA:397,0
DA:398,0
DA:401,0
DA:402,0
DA:405,0
DA:406,0
DA:411,0
DA:412,0
DA:414,0
DA:415,0
DA:416,0
DA:419,0
DA:420,0
DA:426,0
DA:427,0
DA:429,0
DA:430,0
DA:431,0
DA:434,0
DA:435,0
DA:436,0
DA:437,0
DA:439,0
DA:442,0
DA:443,0
DA:448,0
DA:449,0
DA:451,0
DA:452,0
DA:453,0
LF:216
LH:0
BRDA:32,0,0,0
BRDA:32,0,1,0
BRF:2
BRH:0
end_of_record
TN:
SF:server/services/csvParser.js
FN:10,(anonymous_0)
FN:26,normaliseHeader
FN:35,validateHeaders
FN:36,(anonymous_3)
FN:54,parseRow
FN:56,(anonymous_5)
FN:112,(anonymous_6)
FN:113,(anonymous_7)
FN:133,(anonymous_8)
FN:139,(anonymous_9)
FN:154,(anonymous_10)
FN:167,(anonymous_11)
FN:170,(anonymous_12)
FNF:13
FNH:13
FNDA:9,(anonymous_0)
FNDA:38,normaliseHeader
FNDA:12,validateHeaders
FNDA:36,(anonymous_3)
FNDA:12,parseRow
FNDA:48,(anonymous_5)
FNDA:15,(anonymous_6)
FNDA:15,(anonymous_7)
FNDA:38,(anonymous_8)
FNDA:12,(anonymous_9)
FNDA:12,(anonymous_10)
FNDA:6,(anonymous_11)
FNDA:6,(anonymous_12)
DA:1,1
DA:2,1
DA:3,1
DA:11,9
DA:12,9
DA:19,1
DA:27,38
DA:36,36
DA:37,12
DA:38,2
DA:56,12
DA:57,48
DA:58,48
DA:61,12
DA:62,12
DA:63,12
DA:64,12
DA:67,12
DA:68,1
DA:72,11
DA:73,2
DA:77,9
DA:78,0
DA:82,9
DA:83,0
DA:87,9
DA:88,9
DA:90,9
DA:91,2
DA:96,7
DA:112,1
DA:113,15
DA:114,15
DA:115,1
DA:119,14
DA:120,2
DA:123,12
DA:124,12
DA:126,12
DA:127,12
DA:129,12
DA:133,38
DA:138,12
DA:141,12
DA:142,12
DA:143,38
DA:147,12
DA:148,12
DA:149,10
DA:151,2
DA:155,12
DA:156,12
DA:157,12
DA:158,12
DA:159,8
DA:160,7
DA:164,4
DA:168,6
DA:172,6
DA:173,6
DA:175,0
DA:182,1
LF:62
LH:59
BRDA:37,0,0,2
BRDA:37,0,1,10
BRDA:58,1,0,42
BRDA:58,1,1,6
BRDA:58,2,0,42
BRDA:58,2,1,5
BRDA:67,3,0,1
BRDA:67,3,1,11
BRDA:67,4,0,12
BRDA:67,4,1,3
BRDA:67,4,2,1
BRDA:72,5,0,2
BRDA:72,5,1,9
BRDA:77,6,0,0
BRDA:77,6,1,9
BRDA:82,7,0,0
BRDA:82,7,1,9
BRDA:90,8,0,2
BRDA:90,8,1,7
BRDA:100,9,0,7
BRDA:100,9,1,2
BRDA:114,10,0,1
BRDA:114,10,1,14
BRDA:114,11,0,15
BRDA:114,11,1,14
BRDA:119,12,0,2
BRDA:119,12,1,12
BRDA:155,13,0,0
BRDA:155,13,1,12
BRDA:159,14,0,7
BRDA:159,14,1,1
BRDA:172,15,0,6
BRDA:172,15,1,0
BRF:33
BRH:29
end_of_record
TN:
SF:server/services/financeService.js
FN:26,aggregateFinancialData
FN:84,_aggregateTransactions
FN:144,_aggregateAccounts
FN:176,(anonymous_3)
FN:182,(anonymous_4)
FN:198,_aggregateInvoices
FN:250,(anonymous_6)
FNF:7
FNH:0
FNDA:0,aggregateFinancialData
FNDA:0,_aggregateTransactions
FNDA:0,_aggregateAccounts
FNDA:0,(anonymous_3)
FNDA:0,(anonymous_4)
FNDA:0,_aggregateInvoices
FNDA:0,(anonymous_6)
DA:8,0
DA:9,0
DA:10,0
DA:11,0
DA:16,0
DA:28,0
DA:29,0
DA:32,0
DA:33,0
DA:34,0
DA:41,0
DA:42,0
DA:44,0
DA:50,0
DA:54,0
DA:60,0
DA:85,0
DA:102,0
DA:105,0
DA:113,0
DA:114,0
DA:115,0
DA:116,0
DA:117,0
DA:118,0
DA:119,0
DA:124,0
DA:134,0
DA:145,0
DA:164,0
DA:167,0
DA:175,0
DA:176,0
DA:180,0
DA:182,0
DA:199,0
DA:201,0
DA:217,0
DA:220,0
DA:232,0
DA:233,0
DA:234,0
DA:236,0
DA:237,0
DA:241,0
DA:242,0
DA:243,0
DA:246,0
DA:250,0
DA:256,0
LF:50
LH:0
BRDA:26,0,0,0
BRDA:28,1,0,0
BRDA:28,1,1,0
BRDA:33,2,0,0
BRDA:33,2,1,0
BRDA:50,3,0,0
BRDA:50,3,1,0
BRDA:67,4,0,0
BRDA:67,4,1,0
BRDA:68,5,0,0
BRDA:68,5,1,0
BRDA:114,6,0,0
BRDA:114,6,1,0
BRDA:117,7,0,0
BRDA:117,7,1,0
BRDA:176,8,0,0
BRDA:176,8,1,0
BRDA:241,9,0,0
BRDA:241,9,1,0
BRDA:242,10,0,0
BRDA:242,10,1,0
BRDA:250,11,0,0
BRDA:250,11,1,0
BRF:23
BRH:0
end_of_record
TN:
SF:server/services/freshBooksApi.js
FN:18,getAccountId
FN:31,getAccessToken
FN:44,makeApiRequest
FN:45,(anonymous_3)
FN:58,(anonymous_4)
FN:61,(anonymous_5)
FN:65,(anonymous_6)
FN:101,(anonymous_7)
FN:106,(anonymous_8)
FN:121,normalizeInvoice
FN:139,(anonymous_10)
FN:159,fetchInvoices
FNF:12
FNH:12
FNDA:13,getAccountId
FNDA:12,getAccessToken
FNDA:12,makeApiRequest
FNDA:12,(anonymous_3)
FNDA:9,(anonymous_4)
FNDA:9,(anonymous_5)
FNDA:9,(anonymous_6)
FNDA:1,(anonymous_7)
FNDA:1,(anonymous_8)
FNDA:5,normalizeInvoice
FNDA:2,(anonymous_10)
FNDA:13,fetchInvoices
DA:7,1
DA:8,1
DA:11,1
DA:19,13
DA:20,13
DA:21,1
DA:23,12
DA:32,12
DA:33,12
DA:34,1
DA:36,11
DA:45,12
DA:46,12
DA:47,11
DA:49,11
DA:58,11
DA:59,9
DA:61,9
DA:62,9
DA:65,9
DA:66,9
DA:67,9
DA:70,8
DA:71,1
DA:74,7
DA:75,1
DA:78,6
DA:79,1
DA:82,5
DA:83,1
DA:86,4
DA:87,1
DA:90,3
DA:91,0
DA:94,3
DA:96,1
DA:101,11
DA:102,1
DA:106,11
DA:107,1
DA:108,1
DA:111,11
DA:122,5
DA:139,2
DA:160,13
DA:161,12
DA:163,12
DA:166,3
DA:167,1
DA:170,2
DA:172,2
DA:174,1
DA:183,1
DA:185,1
DA:194,1
LF:55
LH:54
BRDA:20,0,0,1
BRDA:20,0,1,12
BRDA:33,1,0,1
BRDA:33,1,1,11
BRDA:70,2,0,1
BRDA:70,2,1,7
BRDA:74,3,0,1
BRDA:74,3,1,6
BRDA:78,4,0,1
BRDA:78,4,1,5
BRDA:82,5,0,1
BRDA:82,5,1,4
BRDA:86,6,0,1
BRDA:86,6,1,3
BRDA:90,7,0,0
BRDA:90,7,1,3
BRDA:90,8,0,3
BRDA:90,8,1,3
BRDA:123,9,0,5
BRDA:123,9,1,1
BRDA:124,10,0,5
BRDA:124,10,1,2
BRDA:124,10,2,2
BRDA:125,11,0,5
BRDA:125,11,1,2
BRDA:125,11,2,2
BRDA:126,12,0,5
BRDA:126,12,1,2
BRDA:126,12,2,2
BRDA:127,13,0,5
BRDA:127,13,1,2
BRDA:127,13,2,2
BRDA:129,14,0,3
BRDA:129,14,1,2
BRDA:130,15,0,3
BRDA:130,15,1,2
BRDA:133,16,0,3
BRDA:133,16,1,2
BRDA:134,17,0,3
BRDA:134,17,1,2
BRDA:136,18,0,5
BRDA:136,18,1,2
BRDA:136,18,2,2
BRDA:137,19,0,5
BRDA:137,19,1,2
BRDA:138,20,0,5
BRDA:138,20,1,2
BRDA:139,21,0,3
BRDA:139,21,1,2
BRDA:141,22,0,2
BRDA:141,22,1,0
BRDA:142,23,0,2
BRDA:142,23,1,0
BRDA:143,24,0,2
BRDA:143,24,1,0
BRDA:144,25,0,2
BRDA:144,25,1,0
BRDA:166,26,0,1
BRDA:166,26,1,2
BRDA:166,27,0,3
BRDA:166,27,1,3
BRDA:172,28,0,1
BRDA:172,28,1,1
BRDA:172,29,0,2
BRDA:172,29,1,2
BRDA:187,30,0,1
BRDA:187,30,1,0
BRDA:188,31,0,1
BRDA:188,31,1,0
BRDA:189,32,0,1
BRDA:189,32,1,0
BRDA:190,33,0,1
BRDA:190,33,1,0
BRF:73
BRH:64
end_of_record
